#
# A fatal error has been detected by the Java Runtime Environment:
#
#  SIGSEGV (0xb) at pc=0x00007f7151d31082, pid=6684, tid=6883
#
# JRE version: Java(TM) SE Runtime Environment (9.0+11) (build 9.0.1+11)
# Java VM: Java HotSpot(TM) 64-Bit Server VM (9.0.1+11, mixed mode, tiered, compressed oops, g1 gc, linux-amd64)
# Problematic frame:
# V  [libjvm.so+0x5b3082]  ClassLoaderData::is_builtin_class_loader_data() const+0x12
#
# Core dump will be written. Default location: Core dumps may be processed with "/usr/share/apport/apport %p %s %c %P" (or dumping to /home/kris/insight/Flink/core.6684)
#
# If you would like to submit a bug report, please visit:
#   http://bugreport.java.com/bugreport/crash.jsp
#

---------------  S U M M A R Y ------------

Command Line: -agentlib:jdwp=transport=dt_socket,address=127.0.0.1:33623,suspend=y,server=n -javaagent:/home/kris/idea-IC-173.4127.27/lib/rt/debugger-agent.jar=/tmp/capture.props -Dfile.encoding=UTF-8 org.myorg.quickstart.StationStreamProcessor

Host: Intel(R) Core(TM) i5-6200U CPU @ 2.30GHz, 4 cores, 23G, Linux Mint 18.3 Sylvia
Time: Wed Jan 24 10:32:17 2018 PST elapsed time: 407 seconds (0d 0h 6m 47s)

---------------  T H R E A D  ---------------

Current thread (0x00007f7120005000):  JavaThread "Time Trigger for TriggerWindow(SlidingProcessingTimeWindows(60000, 5000), AggregatingStateDescriptor{serializer=org.apache.flink.api.java.typeutils.runtime.TupleSerializer@32c6770, aggFunction=org.myorg.quickstart.StationStreamProcessor$AverageAggregate@121314f7}, ProcessingTimeTrigger(), WindowedStream.aggregate(WindowedStream.java:752)) (3/4)" daemon [_thread_in_vm, id=6883, stack(0x00007f709f4e3000,0x00007f709f5e4000)]

Stack: [0x00007f709f4e3000,0x00007f709f5e4000],  sp=0x00007f709f5e10c0,  free space=1016k
Native frames: (J=compiled Java code, A=aot compiled Java code, j=interpreted, Vv=VM code, C=native code)
V  [libjvm.so+0x5b3082]  ClassLoaderData::is_builtin_class_loader_data() const+0x12
V  [libjvm.so+0xc362c2]  class_loader_and_module_name(Klass*)+0x42
V  [libjvm.so+0xc36811]  SharedRuntime::generate_class_cast_message(JavaThread*, Klass*)+0x321
V  [libjvm.so+0x82d214]  InterpreterRuntime::throw_ClassCastException(JavaThread*, oopDesc*)+0x64
j  org.myorg.quickstart.StationStreamProcessor$AverageAggregate.getResult(Lorg/apache/flink/api/java/tuple/Tuple4;)Lorg/apache/flink/api/java/tuple/Tuple2;+49
j  org.myorg.quickstart.StationStreamProcessor$AverageAggregate.getResult(Ljava/lang/Object;)Ljava/lang/Object;+5
j  org.apache.flink.runtime.state.heap.HeapAggregatingState.get()Ljava/lang/Object;+24
j  org.apache.flink.streaming.runtime.operators.windowing.WindowOperator.onProcessingTime(Lorg/apache/flink/streaming/api/operators/InternalTimer;)V+101
j  org.apache.flink.streaming.api.operators.HeapInternalTimerService.onProcessingTime(J)V+71
j  org.apache.flink.streaming.runtime.tasks.SystemProcessingTimeService$TriggerTask.run()V+25
j  java.util.concurrent.Executors$RunnableAdapter.call$$$capture()Ljava/lang/Object;+4 java.base@9.0.1
j  java.util.concurrent.Executors$RunnableAdapter.call()Ljava/lang/Object;+8 java.base@9.0.1
j  java.util.concurrent.FutureTask.run$$$capture()V+39 java.base@9.0.1
j  java.util.concurrent.FutureTask.run()V+5 java.base@9.0.1
j  java.util.concurrent.ScheduledThreadPoolExecutor$ScheduledFutureTask.run()V+30 java.base@9.0.1
j  java.util.concurrent.ThreadPoolExecutor.runWorker(Ljava/util/concurrent/ThreadPoolExecutor$Worker;)V+95 java.base@9.0.1
j  java.util.concurrent.ThreadPoolExecutor$Worker.run()V+5 java.base@9.0.1
j  java.lang.Thread.run()V+11 java.base@9.0.1
v  ~StubRoutines::call_stub
V  [libjvm.so+0x83d3aa]  JavaCalls::call_helper(JavaValue*, methodHandle const&, JavaCallArguments*, Thread*)+0x47a
V  [libjvm.so+0x83b7e0]  JavaCalls::call_virtual(JavaValue*, Handle, KlassHandle, Symbol*, Symbol*, Thread*)+0x1e0
V  [libjvm.so+0x8ccf0a]  thread_entry(JavaThread*, Thread*)+0x8a
V  [libjvm.so+0xceee58]  JavaThread::thread_main_inner()+0xd8
V  [libjvm.so+0xb6de12]  thread_native_entry(Thread*)+0xf2
C  [libpthread.so.0+0x76ba]  start_thread+0xca

Java frames: (J=compiled Java code, j=interpreted, Vv=VM code)
j  org.myorg.quickstart.StationStreamProcessor$AverageAggregate.getResult(Lorg/apache/flink/api/java/tuple/Tuple4;)Lorg/apache/flink/api/java/tuple/Tuple2;+49
j  org.myorg.quickstart.StationStreamProcessor$AverageAggregate.getResult(Ljava/lang/Object;)Ljava/lang/Object;+5
j  org.apache.flink.runtime.state.heap.HeapAggregatingState.get()Ljava/lang/Object;+24
j  org.apache.flink.streaming.runtime.operators.windowing.WindowOperator.onProcessingTime(Lorg/apache/flink/streaming/api/operators/InternalTimer;)V+101
j  org.apache.flink.streaming.api.operators.HeapInternalTimerService.onProcessingTime(J)V+71
j  org.apache.flink.streaming.runtime.tasks.SystemProcessingTimeService$TriggerTask.run()V+25
j  java.util.concurrent.Executors$RunnableAdapter.call$$$capture()Ljava/lang/Object;+4 java.base@9.0.1
j  java.util.concurrent.Executors$RunnableAdapter.call()Ljava/lang/Object;+8 java.base@9.0.1
j  java.util.concurrent.FutureTask.run$$$capture()V+39 java.base@9.0.1
j  java.util.concurrent.FutureTask.run()V+5 java.base@9.0.1
j  java.util.concurrent.ScheduledThreadPoolExecutor$ScheduledFutureTask.run()V+30 java.base@9.0.1
j  java.util.concurrent.ThreadPoolExecutor.runWorker(Ljava/util/concurrent/ThreadPoolExecutor$Worker;)V+95 java.base@9.0.1
j  java.util.concurrent.ThreadPoolExecutor$Worker.run()V+5 java.base@9.0.1
j  java.lang.Thread.run()V+11 java.base@9.0.1
v  ~StubRoutines::call_stub

siginfo: si_signo: 11 (SIGSEGV), si_code: 128 (SI_KERNEL), si_addr: 0x0000000000000000

Register to memory mapping:

RAX=0x0000000000000000 is an unknown value
RBX=0x0000000000000000 is an unknown value
RCX=0x0000000000000480 is an unknown value
RDX=0x000000000000b307 is an unknown value
RSP=0x00007f709f5e10c0 is pointing into the stack for thread: 0x00007f7120005000
RBP=0x00007f709f5e10e0 is pointing into the stack for thread: 0x00007f7120005000
RSI=0x0000000000000000 is an unknown value
RDI=0x000c001500000016 is an unknown value
R8 =0x00007f70b00ef48a is an unknown value
R9 =0x000000000000dc06 is an unknown value
R10=0x000000000000dc00 is an unknown value
R11=0x00007f709f716490 is pointing into metadata
R12=0x000c001500000016 is an unknown value
R13=0x0000000000000000 is an unknown value
R14=0x00007f715255ed98: <offset 0x0000000000de0d98> in /opt/java/jdk-9.0.1/lib/server/libjvm.so at 0x00007f715177e000
R15={method} {0x00007f70f54e4400} 'add' '(Lorg/apache/flink/api/java/tuple/Tuple6;Lorg/apache/flink/api/java/tuple/Tuple4;)Lorg/apache/flink/api/java/tuple/Tuple4;' in 'org/myorg/quickstart/StationStreamProcessor$AverageAggregate'


Registers:
RAX=0x0000000000000000, RBX=0x0000000000000000, RCX=0x0000000000000480, RDX=0x000000000000b307
RSP=0x00007f709f5e10c0, RBP=0x00007f709f5e10e0, RSI=0x0000000000000000, RDI=0x000c001500000016
R8 =0x00007f70b00ef48a, R9 =0x000000000000dc06, R10=0x000000000000dc00, R11=0x00007f709f716490
R12=0x000c001500000016, R13=0x0000000000000000, R14=0x00007f715255ed98, R15=0x00007f70f54e4400
RIP=0x00007f7151d31082, EFLAGS=0x0000000000010206, CSGSFS=0x002b000000000033, ERR=0x0000000000000000
  TRAPNO=0x000000000000000d

Top of Stack: (sp=0x00007f709f5e10c0)
0x00007f709f5e10c0:   00007f70f54e4400 0000000000000001
0x00007f709f5e10d0:   00007f70b00ef480 0000000000000000
0x00007f709f5e10e0:   00007f709f5e1130 00007f71523b42c2
0x00007f709f5e10f0:   0000000000000001 0000000000000000 

Instructions: (pc=0x00007f7151d31082)
0x00007f7151d31062:   89 df e8 77 16 e5 ff eb b8 90 0f 1f 40 00 55 48
0x00007f7151d31072:   89 e5 41 55 41 54 53 31 db 49 89 fc 48 83 ec 08
0x00007f7151d31082:   4c 8b 2f 4d 85 ed 74 38 66 48 8d 3d 4e 1f d3 00
0x00007f7151d31092:   66 66 48 e8 36 f1 cb ff 48 8b 00 48 8b 98 58 01 


---------------  P R O C E S S  ---------------

Java Threads: ( => current thread )
  0x00007f70a8027000 JavaThread "flink-akka.actor.default-dispatcher-6" [_thread_blocked, id=6888, stack(0x00007f70a3cff000,0x00007f70a3e00000)]
  0x00007f70e4025000 JavaThread "Time Trigger for TriggerWindow(SlidingProcessingTimeWindows(60000, 5000), AggregatingStateDescriptor{serializer=org.apache.flink.api.java.typeutils.runtime.TupleSerializer@32c6770, aggFunction=org.myorg.quickstart.StationStreamProcessor$AverageAggregate@121314f7}, ProcessingTimeTrigger(), WindowedStream.aggregate(WindowedStream.java:752)) (1/4)" daemon [_thread_blocked, id=6886, stack(0x00007f709f1e0000,0x00007f709f2e1000)]
  0x00007f70ecbb0000 JavaThread "Time Trigger for TriggerWindow(SlidingProcessingTimeWindows(60000, 5000), AggregatingStateDescriptor{serializer=org.apache.flink.api.java.typeutils.runtime.TupleSerializer@32c6770, aggFunction=org.myorg.quickstart.StationStreamProcessor$AverageAggregate@121314f7}, ProcessingTimeTrigger(), WindowedStream.aggregate(WindowedStream.java:752)) (2/4)" daemon [_thread_blocked, id=6885, stack(0x00007f709f2e1000,0x00007f709f3e2000)]
  0x00000000013c4800 JavaThread "Time Trigger for TriggerWindow(SlidingProcessingTimeWindows(60000, 5000), AggregatingStateDescriptor{serializer=org.apache.flink.api.java.typeutils.runtime.TupleSerializer@32c6770, aggFunction=org.myorg.quickstart.StationStreamProcessor$AverageAggregate@121314f7}, ProcessingTimeTrigger(), WindowedStream.aggregate(WindowedStream.java:752)) (4/4)" daemon [_thread_blocked, id=6884, stack(0x00007f709f3e2000,0x00007f709f4e3000)]
=>0x00007f7120005000 JavaThread "Time Trigger for TriggerWindow(SlidingProcessingTimeWindows(60000, 5000), AggregatingStateDescriptor{serializer=org.apache.flink.api.java.typeutils.runtime.TupleSerializer@32c6770, aggFunction=org.myorg.quickstart.StationStreamProcessor$AverageAggregate@121314f7}, ProcessingTimeTrigger(), WindowedStream.aggregate(WindowedStream.java:752)) (3/4)" daemon [_thread_in_vm, id=6883, stack(0x00007f709f4e3000,0x00007f709f5e4000)]
  0x00007f70e8023800 JavaThread "Kafka 0.10 Fetcher for Source: Custom Source -> Map (4/4)" daemon [_thread_blocked, id=6882, stack(0x00007f709e818000,0x00007f709e919000)]
  0x00007f70d486a800 JavaThread "Kafka 0.10 Fetcher for Source: Custom Source -> Map (2/4)" daemon [_thread_blocked, id=6881, stack(0x00007f709e919000,0x00007f709ea1a000)]
  0x00007f70dc030800 JavaThread "Kafka 0.10 Fetcher for Source: Custom Source -> Map (3/4)" daemon [_thread_blocked, id=6880, stack(0x00007f709ea1a000,0x00007f709eb1b000)]
  0x00007f70d85e7800 JavaThread "Kafka 0.10 Fetcher for Source: Custom Source -> Map (1/4)" daemon [_thread_blocked, id=6879, stack(0x00007f709eb1b000,0x00007f709ec1c000)]
  0x00007f70d8771000 JavaThread "Time Trigger for Source: Custom Source -> Map (1/4)" daemon [_thread_blocked, id=6878, stack(0x00007f709ec1c000,0x00007f709ed1d000)]
  0x00007f70e805b800 JavaThread "Time Trigger for Source: Custom Source -> Map (4/4)" daemon [_thread_blocked, id=6877, stack(0x00007f709ed1d000,0x00007f709ee1e000)]
  0x00007f70dc04d800 JavaThread "Time Trigger for Source: Custom Source -> Map (3/4)" daemon [_thread_blocked, id=6876, stack(0x00007f709ee1e000,0x00007f709ef1f000)]
  0x00007f70d44fb800 JavaThread "Time Trigger for Source: Custom Source -> Map (2/4)" daemon [_thread_blocked, id=6875, stack(0x00007f709ef1f000,0x00007f709f020000)]
  0x00007f70d0032800 JavaThread "kafka-producer-network-thread | producer-7" daemon [_thread_blocked, id=6874, stack(0x00007f709f7e4000,0x00007f709f8e5000)]
  0x00007f70cc03e800 JavaThread "kafka-producer-network-thread | producer-8" daemon [_thread_blocked, id=6873, stack(0x00007f709f8e5000,0x00007f709f9e6000)]
  0x00007f70c4010000 JavaThread "kafka-producer-network-thread | producer-6" daemon [_thread_blocked, id=6872, stack(0x00007f709f9e6000,0x00007f709fae7000)]
  0x00007f70d0030000 JavaThread "kafka-producer-network-thread | producer-1" daemon [_thread_blocked, id=6871, stack(0x00007f709fae7000,0x00007f709fbe8000)]
  0x00007f70d8654800 JavaThread "kafka-producer-network-thread | producer-5" daemon [_thread_blocked, id=6870, stack(0x00007f70a17de000,0x00007f70a18df000)]
  0x00007f70c4016000 JavaThread "kafka-producer-network-thread | producer-4" daemon [_thread_blocked, id=6869, stack(0x00007f70a18df000,0x00007f70a19e0000)]
  0x00007f70cc023800 JavaThread "kafka-producer-network-thread | producer-3" daemon [_thread_blocked, id=6868, stack(0x00007f70a19e0000,0x00007f70a1ae1000)]
  0x00007f70d862d800 JavaThread "kafka-producer-network-thread | producer-2" daemon [_thread_blocked, id=6867, stack(0x00007f70a1ae1000,0x00007f70a1be2000)]
  0x00007f70ac068800 JavaThread "SelectCepOperator -> Sink: Unnamed (4/4)" [_thread_blocked, id=6865, stack(0x00007f709fce9000,0x00007f709fdea000)]
  0x00007f70ac067000 JavaThread "SelectCepOperator -> Sink: Unnamed (3/4)" [_thread_blocked, id=6864, stack(0x00007f709fdea000,0x00007f709feeb000)]
  0x00007f70ac065000 JavaThread "SelectCepOperator -> Sink: Unnamed (2/4)" [_thread_blocked, id=6863, stack(0x00007f70a030d000,0x00007f70a040e000)]
  0x00007f70ac063800 JavaThread "SelectCepOperator -> Sink: Unnamed (1/4)" [_thread_blocked, id=6862, stack(0x00007f70a0611000,0x00007f70a0712000)]
  0x00007f70ac062000 JavaThread "SelectCepOperator -> (Sink: Unnamed, Sink: broken pattern sink, Sink: Unnamed) (4/4)" [_thread_blocked, id=6861, stack(0x00007f70a0712000,0x00007f70a0813000)]
  0x00007f70b00ed000 JavaThread "SelectCepOperator -> (Sink: Unnamed, Sink: broken pattern sink, Sink: Unnamed) (3/4)" [_thread_blocked, id=6860, stack(0x00007f70a0813000,0x00007f70a0914000)]
  0x00007f70b00eb000 JavaThread "SelectCepOperator -> (Sink: Unnamed, Sink: broken pattern sink, Sink: Unnamed) (2/4)" [_thread_blocked, id=6859, stack(0x00007f70a0914000,0x00007f70a0a15000)]
  0x00007f70b00e9800 JavaThread "SelectCepOperator -> (Sink: Unnamed, Sink: broken pattern sink, Sink: Unnamed) (1/4)" [_thread_blocked, id=6858, stack(0x00007f70a0a15000,0x00007f70a0b16000)]
  0x00007f70b00e7800 JavaThread "SelectCepOperator (4/4)" [_thread_blocked, id=6857, stack(0x00007f70a0b16000,0x00007f70a0c17000)]
  0x00007f70b00e6000 JavaThread "SelectCepOperator (3/4)" [_thread_blocked, id=6856, stack(0x00007f70a0c17000,0x00007f70a0d18000)]
  0x00007f70b00e4000 JavaThread "SelectCepOperator (2/4)" [_thread_blocked, id=6855, stack(0x00007f70a0d18000,0x00007f70a0e19000)]
  0x00007f70b00da000 JavaThread "SelectCepOperator (1/4)" [_thread_blocked, id=6854, stack(0x00007f70a0e19000,0x00007f70a0f1a000)]
  0x00007f70dc007000 JavaThread "OutputFlusher" daemon [_thread_blocked, id=6853, stack(0x00007f70a0f1a000,0x00007f70a101b000)]
  0x00007f70dc005000 JavaThread "OutputFlusher" daemon [_thread_blocked, id=6852, stack(0x00007f70a101b000,0x00007f70a111c000)]
  0x00007f70d421a000 JavaThread "OutputFlusher" daemon [_thread_blocked, id=6851, stack(0x00007f70a111c000,0x00007f70a121d000)]
  0x00007f70d4352000 JavaThread "OutputFlusher" daemon [_thread_blocked, id=6850, stack(0x00007f70a121d000,0x00007f70a131e000)]
  0x00007f70dc003800 JavaThread "OutputFlusher" daemon [_thread_blocked, id=6849, stack(0x00007f70a131e000,0x00007f70a141f000)]
  0x00007f70b00d8000 JavaThread "TriggerWindow(SlidingProcessingTimeWindows(60000, 5000), AggregatingStateDescriptor{serializer=org.apache.flink.api.java.typeutils.runtime.TupleSerializer@32c6770, aggFunction=org.myorg.quickstart.StationStreamProcessor$AverageAggregate@121314f7}, ProcessingTimeTrigger(), WindowedStream.aggregate(WindowedStream.java:752)) (4/4)" [_thread_blocked, id=6848, stack(0x00007f70a141f000,0x00007f70a1520000)]
  0x00007f70d42c1000 JavaThread "OutputFlusher" daemon [_thread_blocked, id=6847, stack(0x00007f70a1520000,0x00007f70a1621000)]
  0x00007f70e8007000 JavaThread "OutputFlusher" daemon [_thread_blocked, id=6846, stack(0x00007f70a1621000,0x00007f70a1722000)]
  0x00007f70e8005800 JavaThread "OutputFlusher" daemon [_thread_blocked, id=6845, stack(0x00007f70a1be2000,0x00007f70a1ce3000)]
  0x00007f70e8003800 JavaThread "OutputFlusher" daemon [_thread_blocked, id=6844, stack(0x00007f70a1ce3000,0x00007f70a1de4000)]
  0x00007f70e8002000 JavaThread "OutputFlusher" daemon [_thread_blocked, id=6843, stack(0x00007f70a1de4000,0x00007f70a1ee5000)]
  0x00007f70b00d4000 JavaThread "TriggerWindow(SlidingProcessingTimeWindows(60000, 5000), AggregatingStateDescriptor{serializer=org.apache.flink.api.java.typeutils.runtime.TupleSerializer@32c6770, aggFunction=org.myorg.quickstart.StationStreamProcessor$AverageAggregate@121314f7}, ProcessingTimeTrigger(), WindowedStream.aggregate(WindowedStream.java:752)) (3/4)" [_thread_blocked, id=6842, stack(0x00007f70a1ee5000,0x00007f70a1fe6000)]
  0x00007f70d4531800 JavaThread "OutputFlusher" daemon [_thread_blocked, id=6841, stack(0x00007f70a1fe6000,0x00007f70a20e7000)]
  0x00007f70dc001800 JavaThread "OutputFlusher" daemon [_thread_blocked, id=6840, stack(0x00007f70a20e7000,0x00007f70a21e8000)]
  0x00007f70d84b3800 JavaThread "OutputFlusher" daemon [_thread_blocked, id=6839, stack(0x00007f70a21e8000,0x00007f70a22e9000)]
  0x00007f70d84b1000 JavaThread "OutputFlusher" daemon [_thread_blocked, id=6838, stack(0x00007f70a22e9000,0x00007f70a23ea000)]
  0x00007f70d84ae000 JavaThread "OutputFlusher" daemon [_thread_blocked, id=6837, stack(0x00007f70a23ea000,0x00007f70a24eb000)]
  0x00007f70d84aa000 JavaThread "OutputFlusher" daemon [_thread_blocked, id=6836, stack(0x00007f70a24eb000,0x00007f70a25ec000)]
  0x00007f70b00d2800 JavaThread "TriggerWindow(SlidingProcessingTimeWindows(60000, 5000), AggregatingStateDescriptor{serializer=org.apache.flink.api.java.typeutils.runtime.TupleSerializer@32c6770, aggFunction=org.myorg.quickstart.StationStreamProcessor$AverageAggregate@121314f7}, ProcessingTimeTrigger(), WindowedStream.aggregate(WindowedStream.java:752)) (2/4)" [_thread_blocked, id=6835, stack(0x00007f70a25ec000,0x00007f70a26ed000)]
  0x00007f70b00d0800 JavaThread "TriggerWindow(SlidingProcessingTimeWindows(60000, 5000), AggregatingStateDescriptor{serializer=org.apache.flink.api.java.typeutils.runtime.TupleSerializer@32c6770, aggFunction=org.myorg.quickstart.StationStreamProcessor$AverageAggregate@121314f7}, ProcessingTimeTrigger(), WindowedStream.aggregate(WindowedStream.java:752)) (1/4)" [_thread_blocked, id=6834, stack(0x00007f70a26ed000,0x00007f70a27ee000)]
  0x00007f70b00cd800 JavaThread "Source: Custom Source -> Map (4/4)" [_thread_blocked, id=6833, stack(0x00007f70a29ee000,0x00007f70a2aef000)]
  0x00007f70b00c7800 JavaThread "Source: Custom Source -> Map (3/4)" [_thread_blocked, id=6832, stack(0x00007f70a2aef000,0x00007f70a2bf0000)]
  0x00007f70d8491800 JavaThread "CloseableReaperThread" daemon [_thread_blocked, id=6831, stack(0x00007f70a2bf0000,0x00007f70a2cf1000)]
  0x00007f70b00c6800 JavaThread "Source: Custom Source -> Map (2/4)" [_thread_blocked, id=6830, stack(0x00007f70a2cf1000,0x00007f70a2df2000)]
  0x00007f70b00cb000 JavaThread "Source: Custom Source -> Map (1/4)" [_thread_blocked, id=6829, stack(0x00007f70a2df2000,0x00007f70a2ef3000)]
  0x00007f70b00b0000 JavaThread "Flink-MetricRegistry-thread-1" daemon [_thread_blocked, id=6828, stack(0x00007f70a2ef3000,0x00007f70a2ff4000)]
  0x00007f70ac038800 JavaThread "Timer-2" daemon [_thread_blocked, id=6827, stack(0x00007f70a31f4000,0x00007f70a32f5000)]
  0x00007f70ac036000 JavaThread "Timer-1" daemon [_thread_blocked, id=6826, stack(0x00007f70a32f5000,0x00007f70a33f6000)]
  0x00007f70ac031800 JavaThread "mini-cluster-future-thread-4" daemon [_thread_blocked, id=6825, stack(0x00007f70a33f6000,0x00007f70a34f7000)]
  0x00007f70ac028000 JavaThread "mini-cluster-future-thread-3" daemon [_thread_blocked, id=6824, stack(0x00007f70a34f7000,0x00007f70a35f8000)]
  0x00007f70ac027000 JavaThread "mini-cluster-future-thread-2" daemon [_thread_blocked, id=6823, stack(0x00007f70a35f8000,0x00007f70a36f9000)]
  0x00007f70ac024000 JavaThread "mini-cluster-future-thread-1" daemon [_thread_blocked, id=6822, stack(0x00007f70a36f9000,0x00007f70a37fa000)]
  0x00007f714cfff000 JavaThread "IOManager reader thread #1" daemon [_thread_blocked, id=6821, stack(0x00007f70a37fa000,0x00007f70a38fb000)]
  0x00007f714cffe000 JavaThread "IOManager writer thread #1" daemon [_thread_blocked, id=6820, stack(0x00007f70a38fb000,0x00007f70a39fc000)]
  0x00000000013b8000 JavaThread "ForkJoinPool-1-worker-3" daemon [_thread_blocked, id=6819, stack(0x00007f70a39fc000,0x00007f70a3afd000)]
  0x00007f70b000a000 JavaThread "flink-akka.actor.default-dispatcher-4" [_thread_blocked, id=6817, stack(0x00007f70a3bfe000,0x00007f70a3cff000)]
  0x00007f714cf5e000 JavaThread "BLOB Server listener at 35459" daemon [_thread_in_native, id=6815, stack(0x00007f70f4472000,0x00007f70f4573000)]
  0x00007f714cf51000 JavaThread "Timer-0" daemon [_thread_blocked, id=6814, stack(0x00007f70f4773000,0x00007f70f4874000)]
  0x00007f714cf12000 JavaThread "flink-akka.actor.default-dispatcher-2" [_thread_blocked, id=6780, stack(0x00007f70f4874000,0x00007f70f4975000)]
  0x00007f714cdf4000 JavaThread "flink-scheduler-1" [_thread_in_Java, id=6779, stack(0x00007f70f4cf5000,0x00007f70f4df6000)]
  0x00007f714c858000 JavaThread "Service Thread" daemon [_thread_blocked, id=6765, stack(0x00007f70f58f7000,0x00007f70f59f8000)]
  0x00007f714c3d8800 JavaThread "JDWP Event Helper Thread" daemon [_thread_blocked, id=6763, stack(0x00007f70f5af9000,0x00007f70f5bfa000)]
  0x00007f714c3d4800 JavaThread "JDWP Transport Listener: dt_socket" daemon [_thread_blocked, id=6760, stack(0x00007f70f5bfa000,0x00007f70f5cfb000)]
  0x00007f714c337800 JavaThread "Common-Cleaner" daemon [_thread_blocked, id=6756, stack(0x00007f70f5eff000,0x00007f70f6000000)]
  0x00007f714c2d3000 JavaThread "Sweeper thread" daemon [_thread_blocked, id=6754, stack(0x00007f70fc4fe000,0x00007f70fc5ff000)]
  0x00007f714c2d1000 JavaThread "C1 CompilerThread2" daemon [_thread_blocked, id=6753, stack(0x00007f70fc5ff000,0x00007f70fc700000)]
  0x00007f714c2cf000 JavaThread "C2 CompilerThread1" daemon [_thread_blocked, id=6752, stack(0x00007f70fc700000,0x00007f70fc801000)]
  0x00007f714c2cd000 JavaThread "C2 CompilerThread0" daemon [_thread_blocked, id=6722, stack(0x00007f70fc801000,0x00007f70fc902000)]
  0x00007f714c2cb800 JavaThread "Signal Dispatcher" daemon [_thread_blocked, id=6719, stack(0x00007f70fc902000,0x00007f70fca03000)]
  0x00007f714c2b1000 JavaThread "Finalizer" daemon [_thread_blocked, id=6715, stack(0x00007f70fca03000,0x00007f70fcb04000)]
  0x00007f714c2a9000 JavaThread "Reference Handler" daemon [_thread_blocked, id=6713, stack(0x00007f70fcb04000,0x00007f70fcc05000)]
  0x00007f714c017800 JavaThread "main" [_thread_blocked, id=6696, stack(0x00007f715381b000,0x00007f715391b000)]

Other Threads:
  0x00007f714c29f000 VMThread "VM Thread" [stack: 0x00007f70fcc06000,0x00007f70fcd06000] [id=6712]
  0x00007f714c85b800 WatcherThread [stack: 0x00007f70f57f7000,0x00007f70f58f7000] [id=6766]
  0x00007f714c02f000 GCTaskThread "GC Thread#0" [stack: 0x00007f7131221000,0x00007f7131321000] [id=6697]
  0x00007f714c030800 GCTaskThread "GC Thread#1" [stack: 0x00007f7131120000,0x00007f7131220000] [id=6698]
  0x00007f714c032800 GCTaskThread "GC Thread#2" [stack: 0x00007f713101f000,0x00007f713111f000] [id=6700]
  0x00007f714c034000 GCTaskThread "GC Thread#3" [stack: 0x00007f7130f1e000,0x00007f713101e000] [id=6702]
  0x00007f714c0a4000 ConcurrentGCThread "G1 Main Marker" [stack: 0x00007f713039f000,0x00007f713049f000] [id=6709]
  0x00007f714c0a6000 ConcurrentGCThread "G1 Marker#0" [stack: 0x00007f713029e000,0x00007f713039e000] [id=6710]
  0x00007f714c03b800 ConcurrentGCThread "G1 Refine#0" [stack: 0x00007f7130716000,0x00007f7130816000] [id=6707]
  0x00007f714c039800 ConcurrentGCThread "G1 Refine#1" [stack: 0x00007f7130817000,0x00007f7130917000] [id=6706]
  0x00007f714c038000 ConcurrentGCThread "G1 Refine#2" [stack: 0x00007f7130918000,0x00007f7130a18000] [id=6705]
  0x00007f714c036000 ConcurrentGCThread "G1 Refine#3" [stack: 0x00007f7130a19000,0x00007f7130b19000] [id=6703]
  0x00007f714c03d000 ConcurrentGCThread "G1 Young RemSet Sampling" [stack: 0x00007f7130615000,0x00007f7130715000] [id=6708]

Threads with active compile tasks:
C1 CompilerThread23527       3       org.apache.kafka.common.metrics.Sensor::checkQuotas (99 bytes)
C2 CompilerThread13525       4       akka.actor.LightArrayRevolverScheduler$$anon$4::executeBucket$1 (102 bytes)
C2 CompilerThread03526       4       akka.actor.LightArrayRevolverScheduler$TaskQueue::<init> (5 bytes)

VM state:synchronizing (normal execution)

VM Mutex/Monitor currently owned by a thread:  ([mutex/lock_event])
[0x00007f714c013c40] Safepoint_lock - owner thread: 0x00007f714c29f000
[0x00007f714c013cd0] Threads_lock - owner thread: 0x00007f714c29f000

Heap address: 0x000000064b400000, size: 5964 MB, Compressed Oops mode: Zero based, Oop shift amount: 3
Narrow klass base: 0x0000000000000000, Narrow klass shift: 3
Compressed class space size: 1073741824 Address: 0x00000007c0000000

Heap:
 garbage-first heap   total 2049024K, used 791112K [0x000000064b400000, 0x000000064b503e88, 0x00000007c0000000)
  region size 1024K, 300 young (307200K), 8 survivors (8192K)
 Metaspace       used 33694K, capacity 34660K, committed 34944K, reserved 1079296K
  class space    used 4036K, capacity 4192K, committed 4224K, reserved 1048576K
Heap Regions: E=young(eden), S=young(survivor), O=old, HS=humongous(starts), HC=humongous(continues), CS=collection set, F=free, A=archive, TS=gc time stamp, AC=allocation context, TAMS=top-at-mark-start (previous, next)
|   0|0x000000064b400000, 0x000000064b500000, 0x000000064b500000|100%|HS|  |TS  0|AC  0|TAMS 0x000000064b500000, 0x000000064b500000|
|   1|0x000000064b500000, 0x000000064b600000, 0x000000064b600000|100%|HS|  |TS  0|AC  0|TAMS 0x000000064b600000, 0x000000064b600000|
|   2|0x000000064b600000, 0x000000064b700000, 0x000000064b700000|100%|HC|  |TS  0|AC  0|TAMS 0x000000064b700000, 0x000000064b700000|
|   3|0x000000064b700000, 0x000000064b7fffe8, 0x000000064b800000| 99%| O|  |TS  0|AC  0|TAMS 0x000000064b7fffe8, 0x000000064b7fffe8|
|   4|0x000000064b800000, 0x000000064b8fe5f8, 0x000000064b900000| 99%| O|  |TS  0|AC  0|TAMS 0x000000064b8fe5f8, 0x000000064b8fe5f8|
|   5|0x000000064b900000, 0x000000064ba00000, 0x000000064ba00000|100%| O|  |TS  0|AC  0|TAMS 0x000000064ba00000, 0x000000064ba00000|
|   6|0x000000064ba00000, 0x000000064bafb8f0, 0x000000064bb00000| 98%| O|  |TS  0|AC  0|TAMS 0x000000064bafb8f0, 0x000000064bafb8f0|
|   7|0x000000064bb00000, 0x000000064bbea180, 0x000000064bc00000| 91%| O|  |TS  0|AC  0|TAMS 0x000000064bbea180, 0x000000064bbea180|
|   8|0x000000064bc00000, 0x000000064bcfffe8, 0x000000064bd00000| 99%| O|  |TS  0|AC  0|TAMS 0x000000064bcfffe8, 0x000000064bcfffe8|
|   9|0x000000064bd00000, 0x000000064be00000, 0x000000064be00000|100%| O|  |TS  0|AC  0|TAMS 0x000000064be00000, 0x000000064be00000|
|  10|0x000000064be00000, 0x000000064befffe8, 0x000000064bf00000| 99%| O|  |TS  0|AC  0|TAMS 0x000000064befffe8, 0x000000064befffe8|
|  11|0x000000064bf00000, 0x000000064bffffe0, 0x000000064c000000| 99%| O|  |TS  0|AC  0|TAMS 0x000000064bffffe0, 0x000000064bffffe0|
|  12|0x000000064c000000, 0x000000064c0feaa0, 0x000000064c100000| 99%| O|  |TS  0|AC  0|TAMS 0x000000064c0feaa0, 0x000000064c0feaa0|
|  13|0x000000064c100000, 0x000000064c1ffed0, 0x000000064c200000| 99%| O|  |TS  0|AC  0|TAMS 0x000000064c1ffed0, 0x000000064c1ffed0|
|  14|0x000000064c200000, 0x000000064c2ffff8, 0x000000064c300000| 99%| O|  |TS  0|AC  0|TAMS 0x000000064c2ffff8, 0x000000064c2ffff8|
|  15|0x000000064c300000, 0x000000064c3fe120, 0x000000064c400000| 99%| O|  |TS  0|AC  0|TAMS 0x000000064c3fe120, 0x000000064c3fe120|
|  16|0x000000064c400000, 0x000000064c438eb8, 0x000000064c500000| 22%| O|  |TS  0|AC  0|TAMS 0x000000064c438eb8, 0x000000064c438eb8|
|  17|0x000000064c500000, 0x000000064c600000, 0x000000064c600000|100%| O|  |TS  0|AC  0|TAMS 0x000000064c600000, 0x000000064c600000|
|  18|0x000000064c600000, 0x000000064c700000, 0x000000064c700000|100%| O|  |TS  0|AC  0|TAMS 0x000000064c700000, 0x000000064c700000|
|  19|0x000000064c700000, 0x000000064c800000, 0x000000064c800000|100%| O|  |TS  0|AC  0|TAMS 0x000000064c800000, 0x000000064c800000|
|  20|0x000000064c800000, 0x000000064c900000, 0x000000064c900000|100%| O|  |TS  0|AC  0|TAMS 0x000000064c900000, 0x000000064c900000|
|  21|0x000000064c900000, 0x000000064ca00000, 0x000000064ca00000|100%| O|  |TS  0|AC  0|TAMS 0x000000064ca00000, 0x000000064ca00000|
|  22|0x000000064ca00000, 0x000000064cb00000, 0x000000064cb00000|100%| O|  |TS  0|AC  0|TAMS 0x000000064cb00000, 0x000000064cb00000|
|  23|0x000000064cb00000, 0x000000064cc00000, 0x000000064cc00000|100%| O|  |TS  0|AC  0|TAMS 0x000000064cc00000, 0x000000064cc00000|
|  24|0x000000064cc00000, 0x000000064cd00000, 0x000000064cd00000|100%| O|  |TS  0|AC  0|TAMS 0x000000064cd00000, 0x000000064cd00000|
|  25|0x000000064cd00000, 0x000000064ce00000, 0x000000064ce00000|100%| O|  |TS  0|AC  0|TAMS 0x000000064ce00000, 0x000000064ce00000|
|  26|0x000000064ce00000, 0x000000064cf00000, 0x000000064cf00000|100%| O|  |TS  0|AC  0|TAMS 0x000000064cf00000, 0x000000064cf00000|
|  27|0x000000064cf00000, 0x000000064d000000, 0x000000064d000000|100%| O|  |TS  0|AC  0|TAMS 0x000000064d000000, 0x000000064d000000|
|  28|0x000000064d000000, 0x000000064d100000, 0x000000064d100000|100%| O|  |TS  0|AC  0|TAMS 0x000000064d100000, 0x000000064d100000|
|  29|0x000000064d100000, 0x000000064d200000, 0x000000064d200000|100%| O|  |TS  0|AC  0|TAMS 0x000000064d200000, 0x000000064d200000|
|  30|0x000000064d200000, 0x000000064d300000, 0x000000064d300000|100%| O|  |TS  0|AC  0|TAMS 0x000000064d300000, 0x000000064d300000|
|  31|0x000000064d300000, 0x000000064d400000, 0x000000064d400000|100%| O|  |TS  0|AC  0|TAMS 0x000000064d400000, 0x000000064d400000|
|  32|0x000000064d400000, 0x000000064d500000, 0x000000064d500000|100%| O|  |TS  0|AC  0|TAMS 0x000000064d500000, 0x000000064d500000|
|  33|0x000000064d500000, 0x000000064d600000, 0x000000064d600000|100%| O|  |TS  0|AC  0|TAMS 0x000000064d600000, 0x000000064d600000|
|  34|0x000000064d600000, 0x000000064d700000, 0x000000064d700000|100%| O|  |TS  0|AC  0|TAMS 0x000000064d700000, 0x000000064d700000|
|  35|0x000000064d700000, 0x000000064d800000, 0x000000064d800000|100%| O|  |TS  0|AC  0|TAMS 0x000000064d800000, 0x000000064d800000|
|  36|0x000000064d800000, 0x000000064d900000, 0x000000064d900000|100%| O|  |TS  0|AC  0|TAMS 0x000000064d900000, 0x000000064d900000|
|  37|0x000000064d900000, 0x000000064da00000, 0x000000064da00000|100%| O|  |TS  0|AC  0|TAMS 0x000000064da00000, 0x000000064da00000|
|  38|0x000000064da00000, 0x000000064db00000, 0x000000064db00000|100%| O|  |TS  0|AC  0|TAMS 0x000000064db00000, 0x000000064db00000|
|  39|0x000000064db00000, 0x000000064dc00000, 0x000000064dc00000|100%| O|  |TS  0|AC  0|TAMS 0x000000064dc00000, 0x000000064dc00000|
|  40|0x000000064dc00000, 0x000000064dd00000, 0x000000064dd00000|100%| O|  |TS  0|AC  0|TAMS 0x000000064dd00000, 0x000000064dd00000|
|  41|0x000000064dd00000, 0x000000064de00000, 0x000000064de00000|100%| O|  |TS  0|AC  0|TAMS 0x000000064de00000, 0x000000064de00000|
|  42|0x000000064de00000, 0x000000064df00000, 0x000000064df00000|100%| O|  |TS  0|AC  0|TAMS 0x000000064df00000, 0x000000064df00000|
|  43|0x000000064df00000, 0x000000064e000000, 0x000000064e000000|100%| O|  |TS  0|AC  0|TAMS 0x000000064e000000, 0x000000064e000000|
|  44|0x000000064e000000, 0x000000064e100000, 0x000000064e100000|100%| O|  |TS  0|AC  0|TAMS 0x000000064e100000, 0x000000064e100000|
|  45|0x000000064e100000, 0x000000064e200000, 0x000000064e200000|100%| O|  |TS  0|AC  0|TAMS 0x000000064e200000, 0x000000064e200000|
|  46|0x000000064e200000, 0x000000064e300000, 0x000000064e300000|100%| O|  |TS  0|AC  0|TAMS 0x000000064e300000, 0x000000064e300000|
|  47|0x000000064e300000, 0x000000064e400000, 0x000000064e400000|100%| O|  |TS  0|AC  0|TAMS 0x000000064e400000, 0x000000064e400000|
|  48|0x000000064e400000, 0x000000064e500000, 0x000000064e500000|100%| O|  |TS  0|AC  0|TAMS 0x000000064e500000, 0x000000064e500000|
|  49|0x000000064e500000, 0x000000064e600000, 0x000000064e600000|100%| O|  |TS  0|AC  0|TAMS 0x000000064e600000, 0x000000064e600000|
|  50|0x000000064e600000, 0x000000064e700000, 0x000000064e700000|100%| O|  |TS  0|AC  0|TAMS 0x000000064e700000, 0x000000064e700000|
|  51|0x000000064e700000, 0x000000064e800000, 0x000000064e800000|100%| O|  |TS  0|AC  0|TAMS 0x000000064e800000, 0x000000064e800000|
|  52|0x000000064e800000, 0x000000064e900000, 0x000000064e900000|100%| O|  |TS  0|AC  0|TAMS 0x000000064e900000, 0x000000064e900000|
|  53|0x000000064e900000, 0x000000064ea00000, 0x000000064ea00000|100%| O|  |TS  0|AC  0|TAMS 0x000000064ea00000, 0x000000064ea00000|
|  54|0x000000064ea00000, 0x000000064eb00000, 0x000000064eb00000|100%| O|  |TS  0|AC  0|TAMS 0x000000064eb00000, 0x000000064eb00000|
|  55|0x000000064eb00000, 0x000000064ec00000, 0x000000064ec00000|100%| O|  |TS  0|AC  0|TAMS 0x000000064ec00000, 0x000000064ec00000|
|  56|0x000000064ec00000, 0x000000064ed00000, 0x000000064ed00000|100%| O|  |TS  0|AC  0|TAMS 0x000000064ed00000, 0x000000064ed00000|
|  57|0x000000064ed00000, 0x000000064ee00000, 0x000000064ee00000|100%| O|  |TS  0|AC  0|TAMS 0x000000064ee00000, 0x000000064ee00000|
|  58|0x000000064ee00000, 0x000000064ef00000, 0x000000064ef00000|100%| O|  |TS  0|AC  0|TAMS 0x000000064ef00000, 0x000000064ef00000|
|  59|0x000000064ef00000, 0x000000064f000000, 0x000000064f000000|100%| O|  |TS  0|AC  0|TAMS 0x000000064f000000, 0x000000064f000000|
|  60|0x000000064f000000, 0x000000064f100000, 0x000000064f100000|100%| O|  |TS  0|AC  0|TAMS 0x000000064f100000, 0x000000064f100000|
|  61|0x000000064f100000, 0x000000064f200000, 0x000000064f200000|100%| O|  |TS  0|AC  0|TAMS 0x000000064f200000, 0x000000064f200000|
|  62|0x000000064f200000, 0x000000064f300000, 0x000000064f300000|100%| O|  |TS  0|AC  0|TAMS 0x000000064f300000, 0x000000064f300000|
|  63|0x000000064f300000, 0x000000064f400000, 0x000000064f400000|100%| O|  |TS  0|AC  0|TAMS 0x000000064f400000, 0x000000064f400000|
|  64|0x000000064f400000, 0x000000064f500000, 0x000000064f500000|100%| O|  |TS  0|AC  0|TAMS 0x000000064f500000, 0x000000064f500000|
|  65|0x000000064f500000, 0x000000064f600000, 0x000000064f600000|100%| O|  |TS  0|AC  0|TAMS 0x000000064f600000, 0x000000064f600000|
|  66|0x000000064f600000, 0x000000064f700000, 0x000000064f700000|100%| O|  |TS  0|AC  0|TAMS 0x000000064f700000, 0x000000064f700000|
|  67|0x000000064f700000, 0x000000064f800000, 0x000000064f800000|100%| O|  |TS  0|AC  0|TAMS 0x000000064f800000, 0x000000064f800000|
|  68|0x000000064f800000, 0x000000064f900000, 0x000000064f900000|100%| O|  |TS  0|AC  0|TAMS 0x000000064f900000, 0x000000064f900000|
|  69|0x000000064f900000, 0x000000064fa00000, 0x000000064fa00000|100%| O|  |TS  0|AC  0|TAMS 0x000000064fa00000, 0x000000064fa00000|
|  70|0x000000064fa00000, 0x000000064fb00000, 0x000000064fb00000|100%| O|  |TS  0|AC  0|TAMS 0x000000064fb00000, 0x000000064fb00000|
|  71|0x000000064fb00000, 0x000000064fc00000, 0x000000064fc00000|100%| O|  |TS  0|AC  0|TAMS 0x000000064fc00000, 0x000000064fc00000|
|  72|0x000000064fc00000, 0x000000064fd00000, 0x000000064fd00000|100%| O|  |TS  0|AC  0|TAMS 0x000000064fd00000, 0x000000064fd00000|
|  73|0x000000064fd00000, 0x000000064fe00000, 0x000000064fe00000|100%| O|  |TS  0|AC  0|TAMS 0x000000064fe00000, 0x000000064fe00000|
|  74|0x000000064fe00000, 0x000000064ff00000, 0x000000064ff00000|100%| O|  |TS  0|AC  0|TAMS 0x000000064ff00000, 0x000000064ff00000|
|  75|0x000000064ff00000, 0x0000000650000000, 0x0000000650000000|100%| O|  |TS  0|AC  0|TAMS 0x0000000650000000, 0x0000000650000000|
|  76|0x0000000650000000, 0x0000000650100000, 0x0000000650100000|100%| O|  |TS  0|AC  0|TAMS 0x0000000650100000, 0x0000000650100000|
|  77|0x0000000650100000, 0x0000000650200000, 0x0000000650200000|100%| O|  |TS  0|AC  0|TAMS 0x0000000650200000, 0x0000000650200000|
|  78|0x0000000650200000, 0x0000000650300000, 0x0000000650300000|100%| O|  |TS  0|AC  0|TAMS 0x0000000650300000, 0x0000000650300000|
|  79|0x0000000650300000, 0x0000000650400000, 0x0000000650400000|100%| O|  |TS  0|AC  0|TAMS 0x0000000650400000, 0x0000000650400000|
|  80|0x0000000650400000, 0x0000000650500000, 0x0000000650500000|100%| O|  |TS  0|AC  0|TAMS 0x0000000650500000, 0x0000000650500000|
|  81|0x0000000650500000, 0x0000000650600000, 0x0000000650600000|100%| O|  |TS  0|AC  0|TAMS 0x0000000650600000, 0x0000000650600000|
|  82|0x0000000650600000, 0x0000000650700000, 0x0000000650700000|100%| O|  |TS  0|AC  0|TAMS 0x0000000650700000, 0x0000000650700000|
|  83|0x0000000650700000, 0x0000000650800000, 0x0000000650800000|100%| O|  |TS  0|AC  0|TAMS 0x0000000650800000, 0x0000000650800000|
|  84|0x0000000650800000, 0x0000000650900000, 0x0000000650900000|100%| O|  |TS  0|AC  0|TAMS 0x0000000650900000, 0x0000000650900000|
|  85|0x0000000650900000, 0x0000000650a00000, 0x0000000650a00000|100%| O|  |TS  0|AC  0|TAMS 0x0000000650a00000, 0x0000000650a00000|
|  86|0x0000000650a00000, 0x0000000650b00000, 0x0000000650b00000|100%| O|  |TS  0|AC  0|TAMS 0x0000000650b00000, 0x0000000650b00000|
|  87|0x0000000650b00000, 0x0000000650c00000, 0x0000000650c00000|100%| O|  |TS  0|AC  0|TAMS 0x0000000650c00000, 0x0000000650c00000|
|  88|0x0000000650c00000, 0x0000000650d00000, 0x0000000650d00000|100%| O|  |TS  0|AC  0|TAMS 0x0000000650d00000, 0x0000000650d00000|
|  89|0x0000000650d00000, 0x0000000650e00000, 0x0000000650e00000|100%| O|  |TS  0|AC  0|TAMS 0x0000000650e00000, 0x0000000650e00000|
|  90|0x0000000650e00000, 0x0000000650f00000, 0x0000000650f00000|100%| O|  |TS  0|AC  0|TAMS 0x0000000650f00000, 0x0000000650f00000|
|  91|0x0000000650f00000, 0x0000000651000000, 0x0000000651000000|100%| O|  |TS  0|AC  0|TAMS 0x0000000651000000, 0x0000000651000000|
|  92|0x0000000651000000, 0x0000000651100000, 0x0000000651100000|100%| O|  |TS  0|AC  0|TAMS 0x0000000651100000, 0x0000000651100000|
|  93|0x0000000651100000, 0x0000000651200000, 0x0000000651200000|100%| O|  |TS  0|AC  0|TAMS 0x0000000651200000, 0x0000000651200000|
|  94|0x0000000651200000, 0x0000000651300000, 0x0000000651300000|100%| O|  |TS  0|AC  0|TAMS 0x0000000651300000, 0x0000000651300000|
|  95|0x0000000651300000, 0x0000000651400000, 0x0000000651400000|100%| O|  |TS  0|AC  0|TAMS 0x0000000651400000, 0x0000000651400000|
|  96|0x0000000651400000, 0x0000000651500000, 0x0000000651500000|100%| O|  |TS  0|AC  0|TAMS 0x0000000651500000, 0x0000000651500000|
|  97|0x0000000651500000, 0x0000000651600000, 0x0000000651600000|100%| O|  |TS  0|AC  0|TAMS 0x0000000651600000, 0x0000000651600000|
|  98|0x0000000651600000, 0x0000000651700000, 0x0000000651700000|100%| O|  |TS  0|AC  0|TAMS 0x0000000651700000, 0x0000000651700000|
|  99|0x0000000651700000, 0x0000000651800000, 0x0000000651800000|100%| O|  |TS  0|AC  0|TAMS 0x0000000651800000, 0x0000000651800000|
| 100|0x0000000651800000, 0x0000000651900000, 0x0000000651900000|100%| O|  |TS  0|AC  0|TAMS 0x0000000651900000, 0x0000000651900000|
| 101|0x0000000651900000, 0x0000000651a00000, 0x0000000651a00000|100%| O|  |TS  0|AC  0|TAMS 0x0000000651a00000, 0x0000000651a00000|
| 102|0x0000000651a00000, 0x0000000651b00000, 0x0000000651b00000|100%| O|  |TS  0|AC  0|TAMS 0x0000000651b00000, 0x0000000651b00000|
| 103|0x0000000651b00000, 0x0000000651c00000, 0x0000000651c00000|100%| O|  |TS  0|AC  0|TAMS 0x0000000651c00000, 0x0000000651c00000|
| 104|0x0000000651c00000, 0x0000000651d00000, 0x0000000651d00000|100%| O|  |TS  0|AC  0|TAMS 0x0000000651d00000, 0x0000000651d00000|
| 105|0x0000000651d00000, 0x0000000651e00000, 0x0000000651e00000|100%| O|  |TS  0|AC  0|TAMS 0x0000000651e00000, 0x0000000651e00000|
| 106|0x0000000651e00000, 0x0000000651f00000, 0x0000000651f00000|100%| O|  |TS  0|AC  0|TAMS 0x0000000651f00000, 0x0000000651f00000|
| 107|0x0000000651f00000, 0x0000000652000000, 0x0000000652000000|100%| O|  |TS  0|AC  0|TAMS 0x0000000652000000, 0x0000000652000000|
| 108|0x0000000652000000, 0x0000000652100000, 0x0000000652100000|100%| O|  |TS  0|AC  0|TAMS 0x0000000652100000, 0x0000000652100000|
| 109|0x0000000652100000, 0x0000000652200000, 0x0000000652200000|100%| O|  |TS  0|AC  0|TAMS 0x0000000652200000, 0x0000000652200000|
| 110|0x0000000652200000, 0x0000000652300000, 0x0000000652300000|100%| O|  |TS  0|AC  0|TAMS 0x0000000652300000, 0x0000000652300000|
| 111|0x0000000652300000, 0x0000000652400000, 0x0000000652400000|100%| O|  |TS  0|AC  0|TAMS 0x0000000652400000, 0x0000000652400000|
| 112|0x0000000652400000, 0x0000000652500000, 0x0000000652500000|100%| O|  |TS  0|AC  0|TAMS 0x0000000652500000, 0x0000000652500000|
| 113|0x0000000652500000, 0x0000000652600000, 0x0000000652600000|100%| O|  |TS  0|AC  0|TAMS 0x0000000652600000, 0x0000000652600000|
| 114|0x0000000652600000, 0x0000000652700000, 0x0000000652700000|100%| O|  |TS  0|AC  0|TAMS 0x0000000652700000, 0x0000000652700000|
| 115|0x0000000652700000, 0x0000000652800000, 0x0000000652800000|100%| O|  |TS  0|AC  0|TAMS 0x0000000652800000, 0x0000000652800000|
| 116|0x0000000652800000, 0x0000000652900000, 0x0000000652900000|100%| O|  |TS  0|AC  0|TAMS 0x0000000652900000, 0x0000000652900000|
| 117|0x0000000652900000, 0x0000000652a00000, 0x0000000652a00000|100%| O|  |TS  0|AC  0|TAMS 0x0000000652a00000, 0x0000000652a00000|
| 118|0x0000000652a00000, 0x0000000652b00000, 0x0000000652b00000|100%| O|  |TS  0|AC  0|TAMS 0x0000000652b00000, 0x0000000652b00000|
| 119|0x0000000652b00000, 0x0000000652c00000, 0x0000000652c00000|100%| O|  |TS  0|AC  0|TAMS 0x0000000652c00000, 0x0000000652c00000|
| 120|0x0000000652c00000, 0x0000000652d00000, 0x0000000652d00000|100%| O|  |TS  0|AC  0|TAMS 0x0000000652d00000, 0x0000000652d00000|
| 121|0x0000000652d00000, 0x0000000652e00000, 0x0000000652e00000|100%| O|  |TS  0|AC  0|TAMS 0x0000000652e00000, 0x0000000652e00000|
| 122|0x0000000652e00000, 0x0000000652f00000, 0x0000000652f00000|100%| O|  |TS  0|AC  0|TAMS 0x0000000652f00000, 0x0000000652f00000|
| 123|0x0000000652f00000, 0x0000000653000000, 0x0000000653000000|100%| O|  |TS  0|AC  0|TAMS 0x0000000653000000, 0x0000000653000000|
| 124|0x0000000653000000, 0x0000000653100000, 0x0000000653100000|100%| O|  |TS  0|AC  0|TAMS 0x0000000653100000, 0x0000000653100000|
| 125|0x0000000653100000, 0x0000000653200000, 0x0000000653200000|100%| O|  |TS  0|AC  0|TAMS 0x0000000653200000, 0x0000000653200000|
| 126|0x0000000653200000, 0x0000000653300000, 0x0000000653300000|100%| O|  |TS  0|AC  0|TAMS 0x0000000653300000, 0x0000000653300000|
| 127|0x0000000653300000, 0x0000000653400000, 0x0000000653400000|100%| O|  |TS  0|AC  0|TAMS 0x0000000653400000, 0x0000000653400000|
| 128|0x0000000653400000, 0x0000000653500000, 0x0000000653500000|100%| O|  |TS  0|AC  0|TAMS 0x0000000653500000, 0x0000000653500000|
| 129|0x0000000653500000, 0x0000000653600000, 0x0000000653600000|100%| O|  |TS  0|AC  0|TAMS 0x0000000653600000, 0x0000000653600000|
| 130|0x0000000653600000, 0x0000000653700000, 0x0000000653700000|100%| O|  |TS  0|AC  0|TAMS 0x0000000653700000, 0x0000000653700000|
| 131|0x0000000653700000, 0x0000000653800000, 0x0000000653800000|100%| O|  |TS  0|AC  0|TAMS 0x0000000653800000, 0x0000000653800000|
| 132|0x0000000653800000, 0x0000000653900000, 0x0000000653900000|100%| O|  |TS  0|AC  0|TAMS 0x0000000653900000, 0x0000000653900000|
| 133|0x0000000653900000, 0x0000000653a00000, 0x0000000653a00000|100%| O|  |TS  0|AC  0|TAMS 0x0000000653a00000, 0x0000000653a00000|
| 134|0x0000000653a00000, 0x0000000653b00000, 0x0000000653b00000|100%| O|  |TS  0|AC  0|TAMS 0x0000000653b00000, 0x0000000653b00000|
| 135|0x0000000653b00000, 0x0000000653c00000, 0x0000000653c00000|100%| O|  |TS  0|AC  0|TAMS 0x0000000653c00000, 0x0000000653c00000|
| 136|0x0000000653c00000, 0x0000000653d00000, 0x0000000653d00000|100%| O|  |TS  0|AC  0|TAMS 0x0000000653d00000, 0x0000000653d00000|
| 137|0x0000000653d00000, 0x0000000653e00000, 0x0000000653e00000|100%| O|  |TS  0|AC  0|TAMS 0x0000000653e00000, 0x0000000653e00000|
| 138|0x0000000653e00000, 0x0000000653f00000, 0x0000000653f00000|100%| O|  |TS  0|AC  0|TAMS 0x0000000653f00000, 0x0000000653f00000|
| 139|0x0000000653f00000, 0x0000000654000000, 0x0000000654000000|100%| O|  |TS  0|AC  0|TAMS 0x0000000654000000, 0x0000000654000000|
| 140|0x0000000654000000, 0x0000000654100000, 0x0000000654100000|100%| O|  |TS  0|AC  0|TAMS 0x0000000654100000, 0x0000000654100000|
| 141|0x0000000654100000, 0x0000000654200000, 0x0000000654200000|100%| O|  |TS  0|AC  0|TAMS 0x0000000654200000, 0x0000000654200000|
| 142|0x0000000654200000, 0x0000000654300000, 0x0000000654300000|100%| O|  |TS  0|AC  0|TAMS 0x0000000654300000, 0x0000000654300000|
| 143|0x0000000654300000, 0x0000000654400000, 0x0000000654400000|100%| O|  |TS  0|AC  0|TAMS 0x0000000654400000, 0x0000000654400000|
| 144|0x0000000654400000, 0x0000000654500000, 0x0000000654500000|100%| O|  |TS  0|AC  0|TAMS 0x0000000654500000, 0x0000000654500000|
| 145|0x0000000654500000, 0x0000000654600000, 0x0000000654600000|100%| O|  |TS  0|AC  0|TAMS 0x0000000654600000, 0x0000000654600000|
| 146|0x0000000654600000, 0x0000000654700000, 0x0000000654700000|100%| O|  |TS  0|AC  0|TAMS 0x0000000654700000, 0x0000000654700000|
| 147|0x0000000654700000, 0x0000000654800000, 0x0000000654800000|100%| O|  |TS  0|AC  0|TAMS 0x0000000654800000, 0x0000000654800000|
| 148|0x0000000654800000, 0x0000000654900000, 0x0000000654900000|100%| O|  |TS  0|AC  0|TAMS 0x0000000654900000, 0x0000000654900000|
| 149|0x0000000654900000, 0x0000000654a00000, 0x0000000654a00000|100%| O|  |TS  0|AC  0|TAMS 0x0000000654a00000, 0x0000000654a00000|
| 150|0x0000000654a00000, 0x0000000654b00000, 0x0000000654b00000|100%| O|  |TS  0|AC  0|TAMS 0x0000000654b00000, 0x0000000654b00000|
| 151|0x0000000654b00000, 0x0000000654c00000, 0x0000000654c00000|100%| O|  |TS  0|AC  0|TAMS 0x0000000654c00000, 0x0000000654c00000|
| 152|0x0000000654c00000, 0x0000000654d00000, 0x0000000654d00000|100%| O|  |TS  0|AC  0|TAMS 0x0000000654d00000, 0x0000000654d00000|
| 153|0x0000000654d00000, 0x0000000654e00000, 0x0000000654e00000|100%| O|  |TS  0|AC  0|TAMS 0x0000000654e00000, 0x0000000654e00000|
| 154|0x0000000654e00000, 0x0000000654f00000, 0x0000000654f00000|100%| O|  |TS  0|AC  0|TAMS 0x0000000654f00000, 0x0000000654f00000|
| 155|0x0000000654f00000, 0x0000000655000000, 0x0000000655000000|100%| O|  |TS  0|AC  0|TAMS 0x0000000655000000, 0x0000000655000000|
| 156|0x0000000655000000, 0x0000000655100000, 0x0000000655100000|100%| O|  |TS  0|AC  0|TAMS 0x0000000655100000, 0x0000000655100000|
| 157|0x0000000655100000, 0x0000000655200000, 0x0000000655200000|100%| O|  |TS  0|AC  0|TAMS 0x0000000655200000, 0x0000000655200000|
| 158|0x0000000655200000, 0x0000000655300000, 0x0000000655300000|100%| O|  |TS  0|AC  0|TAMS 0x0000000655300000, 0x0000000655300000|
| 159|0x0000000655300000, 0x0000000655400000, 0x0000000655400000|100%| O|  |TS  0|AC  0|TAMS 0x0000000655400000, 0x0000000655400000|
| 160|0x0000000655400000, 0x0000000655500000, 0x0000000655500000|100%| O|  |TS  0|AC  0|TAMS 0x0000000655500000, 0x0000000655500000|
| 161|0x0000000655500000, 0x0000000655600000, 0x0000000655600000|100%| O|  |TS  0|AC  0|TAMS 0x0000000655600000, 0x0000000655600000|
| 162|0x0000000655600000, 0x0000000655700000, 0x0000000655700000|100%| O|  |TS  0|AC  0|TAMS 0x0000000655700000, 0x0000000655700000|
| 163|0x0000000655700000, 0x0000000655800000, 0x0000000655800000|100%| O|  |TS  0|AC  0|TAMS 0x0000000655800000, 0x0000000655800000|
| 164|0x0000000655800000, 0x0000000655900000, 0x0000000655900000|100%| O|  |TS  0|AC  0|TAMS 0x0000000655900000, 0x0000000655900000|
| 165|0x0000000655900000, 0x0000000655a00000, 0x0000000655a00000|100%| O|  |TS  0|AC  0|TAMS 0x0000000655a00000, 0x0000000655a00000|
| 166|0x0000000655a00000, 0x0000000655b00000, 0x0000000655b00000|100%| O|  |TS  0|AC  0|TAMS 0x0000000655b00000, 0x0000000655b00000|
| 167|0x0000000655b00000, 0x0000000655c00000, 0x0000000655c00000|100%| O|  |TS  0|AC  0|TAMS 0x0000000655c00000, 0x0000000655c00000|
| 168|0x0000000655c00000, 0x0000000655d00000, 0x0000000655d00000|100%| O|  |TS  0|AC  0|TAMS 0x0000000655d00000, 0x0000000655d00000|
| 169|0x0000000655d00000, 0x0000000655e00000, 0x0000000655e00000|100%| O|  |TS  0|AC  0|TAMS 0x0000000655e00000, 0x0000000655e00000|
| 170|0x0000000655e00000, 0x0000000655f00000, 0x0000000655f00000|100%| O|  |TS  0|AC  0|TAMS 0x0000000655f00000, 0x0000000655f00000|
| 171|0x0000000655f00000, 0x0000000656000000, 0x0000000656000000|100%| O|  |TS  0|AC  0|TAMS 0x0000000656000000, 0x0000000656000000|
| 172|0x0000000656000000, 0x0000000656100000, 0x0000000656100000|100%| O|  |TS  0|AC  0|TAMS 0x0000000656100000, 0x0000000656100000|
| 173|0x0000000656100000, 0x0000000656200000, 0x0000000656200000|100%| O|  |TS  0|AC  0|TAMS 0x0000000656200000, 0x0000000656200000|
| 174|0x0000000656200000, 0x0000000656300000, 0x0000000656300000|100%| O|  |TS  0|AC  0|TAMS 0x0000000656300000, 0x0000000656300000|
| 175|0x0000000656300000, 0x0000000656400000, 0x0000000656400000|100%| O|  |TS  0|AC  0|TAMS 0x0000000656400000, 0x0000000656400000|
| 176|0x0000000656400000, 0x0000000656500000, 0x0000000656500000|100%| O|  |TS  0|AC  0|TAMS 0x0000000656500000, 0x0000000656500000|
| 177|0x0000000656500000, 0x0000000656600000, 0x0000000656600000|100%| O|  |TS  0|AC  0|TAMS 0x0000000656600000, 0x0000000656600000|
| 178|0x0000000656600000, 0x0000000656700000, 0x0000000656700000|100%| O|  |TS  0|AC  0|TAMS 0x0000000656700000, 0x0000000656700000|
| 179|0x0000000656700000, 0x0000000656800000, 0x0000000656800000|100%| O|  |TS  0|AC  0|TAMS 0x0000000656800000, 0x0000000656800000|
| 180|0x0000000656800000, 0x0000000656900000, 0x0000000656900000|100%| O|  |TS  0|AC  0|TAMS 0x0000000656900000, 0x0000000656900000|
| 181|0x0000000656900000, 0x0000000656a00000, 0x0000000656a00000|100%| O|  |TS  0|AC  0|TAMS 0x0000000656a00000, 0x0000000656a00000|
| 182|0x0000000656a00000, 0x0000000656b00000, 0x0000000656b00000|100%| O|  |TS  0|AC  0|TAMS 0x0000000656b00000, 0x0000000656b00000|
| 183|0x0000000656b00000, 0x0000000656c00000, 0x0000000656c00000|100%| O|  |TS  0|AC  0|TAMS 0x0000000656c00000, 0x0000000656c00000|
| 184|0x0000000656c00000, 0x0000000656d00000, 0x0000000656d00000|100%| O|  |TS  0|AC  0|TAMS 0x0000000656d00000, 0x0000000656d00000|
| 185|0x0000000656d00000, 0x0000000656e00000, 0x0000000656e00000|100%| O|  |TS  0|AC  0|TAMS 0x0000000656e00000, 0x0000000656e00000|
| 186|0x0000000656e00000, 0x0000000656f00000, 0x0000000656f00000|100%| O|  |TS  0|AC  0|TAMS 0x0000000656f00000, 0x0000000656f00000|
| 187|0x0000000656f00000, 0x0000000657000000, 0x0000000657000000|100%| O|  |TS  0|AC  0|TAMS 0x0000000657000000, 0x0000000657000000|
| 188|0x0000000657000000, 0x0000000657100000, 0x0000000657100000|100%| O|  |TS  0|AC  0|TAMS 0x0000000657100000, 0x0000000657100000|
| 189|0x0000000657100000, 0x0000000657200000, 0x0000000657200000|100%| O|  |TS  0|AC  0|TAMS 0x0000000657200000, 0x0000000657200000|
| 190|0x0000000657200000, 0x0000000657300000, 0x0000000657300000|100%| O|  |TS  0|AC  0|TAMS 0x0000000657300000, 0x0000000657300000|
| 191|0x0000000657300000, 0x0000000657400000, 0x0000000657400000|100%| O|  |TS  0|AC  0|TAMS 0x0000000657400000, 0x0000000657400000|
| 192|0x0000000657400000, 0x0000000657500000, 0x0000000657500000|100%| O|  |TS  0|AC  0|TAMS 0x0000000657500000, 0x0000000657500000|
| 193|0x0000000657500000, 0x0000000657600000, 0x0000000657600000|100%| O|  |TS  0|AC  0|TAMS 0x0000000657600000, 0x0000000657600000|
| 194|0x0000000657600000, 0x0000000657700000, 0x0000000657700000|100%| O|  |TS  0|AC  0|TAMS 0x0000000657700000, 0x0000000657700000|
| 195|0x0000000657700000, 0x0000000657800000, 0x0000000657800000|100%| O|  |TS  0|AC  0|TAMS 0x0000000657800000, 0x0000000657800000|
| 196|0x0000000657800000, 0x0000000657900000, 0x0000000657900000|100%| O|  |TS  0|AC  0|TAMS 0x0000000657900000, 0x0000000657900000|
| 197|0x0000000657900000, 0x0000000657a00000, 0x0000000657a00000|100%| O|  |TS  0|AC  0|TAMS 0x0000000657a00000, 0x0000000657a00000|
| 198|0x0000000657a00000, 0x0000000657b00000, 0x0000000657b00000|100%| O|  |TS  0|AC  0|TAMS 0x0000000657b00000, 0x0000000657b00000|
| 199|0x0000000657b00000, 0x0000000657c00000, 0x0000000657c00000|100%| O|  |TS  0|AC  0|TAMS 0x0000000657c00000, 0x0000000657c00000|
| 200|0x0000000657c00000, 0x0000000657d00000, 0x0000000657d00000|100%| O|  |TS  0|AC  0|TAMS 0x0000000657d00000, 0x0000000657d00000|
| 201|0x0000000657d00000, 0x0000000657e00000, 0x0000000657e00000|100%| O|  |TS  0|AC  0|TAMS 0x0000000657e00000, 0x0000000657e00000|
| 202|0x0000000657e00000, 0x0000000657f00000, 0x0000000657f00000|100%| O|  |TS  0|AC  0|TAMS 0x0000000657f00000, 0x0000000657f00000|
| 203|0x0000000657f00000, 0x0000000658000000, 0x0000000658000000|100%| O|  |TS  0|AC  0|TAMS 0x0000000658000000, 0x0000000658000000|
| 204|0x0000000658000000, 0x0000000658100000, 0x0000000658100000|100%| O|  |TS  0|AC  0|TAMS 0x0000000658100000, 0x0000000658100000|
| 205|0x0000000658100000, 0x0000000658200000, 0x0000000658200000|100%| O|  |TS  0|AC  0|TAMS 0x0000000658200000, 0x0000000658200000|
| 206|0x0000000658200000, 0x0000000658300000, 0x0000000658300000|100%| O|  |TS  0|AC  0|TAMS 0x0000000658300000, 0x0000000658300000|
| 207|0x0000000658300000, 0x0000000658400000, 0x0000000658400000|100%| O|  |TS  0|AC  0|TAMS 0x0000000658400000, 0x0000000658400000|
| 208|0x0000000658400000, 0x0000000658500000, 0x0000000658500000|100%| O|  |TS  0|AC  0|TAMS 0x0000000658500000, 0x0000000658500000|
| 209|0x0000000658500000, 0x0000000658600000, 0x0000000658600000|100%| O|  |TS  0|AC  0|TAMS 0x0000000658600000, 0x0000000658600000|
| 210|0x0000000658600000, 0x0000000658700000, 0x0000000658700000|100%| O|  |TS  0|AC  0|TAMS 0x0000000658700000, 0x0000000658700000|
| 211|0x0000000658700000, 0x0000000658800000, 0x0000000658800000|100%| O|  |TS  0|AC  0|TAMS 0x0000000658800000, 0x0000000658800000|
| 212|0x0000000658800000, 0x0000000658900000, 0x0000000658900000|100%| O|  |TS  0|AC  0|TAMS 0x0000000658900000, 0x0000000658900000|
| 213|0x0000000658900000, 0x0000000658a00000, 0x0000000658a00000|100%| O|  |TS  0|AC  0|TAMS 0x0000000658a00000, 0x0000000658a00000|
| 214|0x0000000658a00000, 0x0000000658b00000, 0x0000000658b00000|100%| O|  |TS  0|AC  0|TAMS 0x0000000658b00000, 0x0000000658b00000|
| 215|0x0000000658b00000, 0x0000000658c00000, 0x0000000658c00000|100%| O|  |TS  0|AC  0|TAMS 0x0000000658c00000, 0x0000000658c00000|
| 216|0x0000000658c00000, 0x0000000658d00000, 0x0000000658d00000|100%| O|  |TS  0|AC  0|TAMS 0x0000000658d00000, 0x0000000658d00000|
| 217|0x0000000658d00000, 0x0000000658e00000, 0x0000000658e00000|100%| O|  |TS  0|AC  0|TAMS 0x0000000658e00000, 0x0000000658e00000|
| 218|0x0000000658e00000, 0x0000000658f00000, 0x0000000658f00000|100%| O|  |TS  0|AC  0|TAMS 0x0000000658f00000, 0x0000000658f00000|
| 219|0x0000000658f00000, 0x0000000659000000, 0x0000000659000000|100%| O|  |TS  0|AC  0|TAMS 0x0000000659000000, 0x0000000659000000|
| 220|0x0000000659000000, 0x0000000659100000, 0x0000000659100000|100%| O|  |TS  0|AC  0|TAMS 0x0000000659100000, 0x0000000659100000|
| 221|0x0000000659100000, 0x0000000659200000, 0x0000000659200000|100%| O|  |TS  0|AC  0|TAMS 0x0000000659200000, 0x0000000659200000|
| 222|0x0000000659200000, 0x0000000659300000, 0x0000000659300000|100%| O|  |TS  0|AC  0|TAMS 0x0000000659300000, 0x0000000659300000|
| 223|0x0000000659300000, 0x0000000659400000, 0x0000000659400000|100%| O|  |TS  0|AC  0|TAMS 0x0000000659400000, 0x0000000659400000|
| 224|0x0000000659400000, 0x0000000659500000, 0x0000000659500000|100%| O|  |TS  0|AC  0|TAMS 0x0000000659500000, 0x0000000659500000|
| 225|0x0000000659500000, 0x0000000659600000, 0x0000000659600000|100%| O|  |TS  0|AC  0|TAMS 0x0000000659600000, 0x0000000659600000|
| 226|0x0000000659600000, 0x0000000659700000, 0x0000000659700000|100%| O|  |TS  0|AC  0|TAMS 0x0000000659700000, 0x0000000659700000|
| 227|0x0000000659700000, 0x0000000659800000, 0x0000000659800000|100%| O|  |TS  0|AC  0|TAMS 0x0000000659800000, 0x0000000659800000|
| 228|0x0000000659800000, 0x0000000659900000, 0x0000000659900000|100%| O|  |TS  0|AC  0|TAMS 0x0000000659900000, 0x0000000659900000|
| 229|0x0000000659900000, 0x0000000659a00000, 0x0000000659a00000|100%| O|  |TS  0|AC  0|TAMS 0x0000000659a00000, 0x0000000659a00000|
| 230|0x0000000659a00000, 0x0000000659b00000, 0x0000000659b00000|100%| O|  |TS  0|AC  0|TAMS 0x0000000659b00000, 0x0000000659b00000|
| 231|0x0000000659b00000, 0x0000000659c00000, 0x0000000659c00000|100%| O|  |TS  0|AC  0|TAMS 0x0000000659c00000, 0x0000000659c00000|
| 232|0x0000000659c00000, 0x0000000659d00000, 0x0000000659d00000|100%| O|  |TS  0|AC  0|TAMS 0x0000000659d00000, 0x0000000659d00000|
| 233|0x0000000659d00000, 0x0000000659e00000, 0x0000000659e00000|100%| O|  |TS  0|AC  0|TAMS 0x0000000659e00000, 0x0000000659e00000|
| 234|0x0000000659e00000, 0x0000000659f00000, 0x0000000659f00000|100%| O|  |TS  0|AC  0|TAMS 0x0000000659f00000, 0x0000000659f00000|
| 235|0x0000000659f00000, 0x000000065a000000, 0x000000065a000000|100%| O|  |TS  0|AC  0|TAMS 0x000000065a000000, 0x000000065a000000|
| 236|0x000000065a000000, 0x000000065a100000, 0x000000065a100000|100%| O|  |TS  0|AC  0|TAMS 0x000000065a100000, 0x000000065a100000|
| 237|0x000000065a100000, 0x000000065a200000, 0x000000065a200000|100%| O|  |TS  0|AC  0|TAMS 0x000000065a200000, 0x000000065a200000|
| 238|0x000000065a200000, 0x000000065a300000, 0x000000065a300000|100%| O|  |TS  0|AC  0|TAMS 0x000000065a300000, 0x000000065a300000|
| 239|0x000000065a300000, 0x000000065a400000, 0x000000065a400000|100%| O|  |TS  0|AC  0|TAMS 0x000000065a400000, 0x000000065a400000|
| 240|0x000000065a400000, 0x000000065a500000, 0x000000065a500000|100%| O|  |TS  0|AC  0|TAMS 0x000000065a500000, 0x000000065a500000|
| 241|0x000000065a500000, 0x000000065a600000, 0x000000065a600000|100%| O|  |TS  0|AC  0|TAMS 0x000000065a600000, 0x000000065a600000|
| 242|0x000000065a600000, 0x000000065a700000, 0x000000065a700000|100%| O|  |TS  0|AC  0|TAMS 0x000000065a700000, 0x000000065a700000|
| 243|0x000000065a700000, 0x000000065a800000, 0x000000065a800000|100%| O|  |TS  0|AC  0|TAMS 0x000000065a800000, 0x000000065a800000|
| 244|0x000000065a800000, 0x000000065a900000, 0x000000065a900000|100%| O|  |TS  0|AC  0|TAMS 0x000000065a900000, 0x000000065a900000|
| 245|0x000000065a900000, 0x000000065aa00000, 0x000000065aa00000|100%| O|  |TS  0|AC  0|TAMS 0x000000065aa00000, 0x000000065aa00000|
| 246|0x000000065aa00000, 0x000000065ab00000, 0x000000065ab00000|100%| O|  |TS  0|AC  0|TAMS 0x000000065ab00000, 0x000000065ab00000|
| 247|0x000000065ab00000, 0x000000065ac00000, 0x000000065ac00000|100%| O|  |TS  0|AC  0|TAMS 0x000000065ac00000, 0x000000065ac00000|
| 248|0x000000065ac00000, 0x000000065ad00000, 0x000000065ad00000|100%| O|  |TS  0|AC  0|TAMS 0x000000065ad00000, 0x000000065ad00000|
| 249|0x000000065ad00000, 0x000000065ae00000, 0x000000065ae00000|100%| O|  |TS  0|AC  0|TAMS 0x000000065ae00000, 0x000000065ae00000|
| 250|0x000000065ae00000, 0x000000065af00000, 0x000000065af00000|100%| O|  |TS  0|AC  0|TAMS 0x000000065af00000, 0x000000065af00000|
| 251|0x000000065af00000, 0x000000065b000000, 0x000000065b000000|100%| O|  |TS  0|AC  0|TAMS 0x000000065b000000, 0x000000065b000000|
| 252|0x000000065b000000, 0x000000065b100000, 0x000000065b100000|100%| O|  |TS  0|AC  0|TAMS 0x000000065b100000, 0x000000065b100000|
| 253|0x000000065b100000, 0x000000065b200000, 0x000000065b200000|100%| O|  |TS  0|AC  0|TAMS 0x000000065b200000, 0x000000065b200000|
| 254|0x000000065b200000, 0x000000065b300000, 0x000000065b300000|100%| O|  |TS  0|AC  0|TAMS 0x000000065b300000, 0x000000065b300000|
| 255|0x000000065b300000, 0x000000065b400000, 0x000000065b400000|100%| O|  |TS  0|AC  0|TAMS 0x000000065b400000, 0x000000065b400000|
| 256|0x000000065b400000, 0x000000065b500000, 0x000000065b500000|100%| O|  |TS  0|AC  0|TAMS 0x000000065b500000, 0x000000065b500000|
| 257|0x000000065b500000, 0x000000065b600000, 0x000000065b600000|100%| O|  |TS  0|AC  0|TAMS 0x000000065b600000, 0x000000065b600000|
| 258|0x000000065b600000, 0x000000065b700000, 0x000000065b700000|100%| O|  |TS  0|AC  0|TAMS 0x000000065b700000, 0x000000065b700000|
| 259|0x000000065b700000, 0x000000065b800000, 0x000000065b800000|100%| O|  |TS  0|AC  0|TAMS 0x000000065b800000, 0x000000065b800000|
| 260|0x000000065b800000, 0x000000065b900000, 0x000000065b900000|100%| O|  |TS  0|AC  0|TAMS 0x000000065b900000, 0x000000065b900000|
| 261|0x000000065b900000, 0x000000065ba00000, 0x000000065ba00000|100%| O|  |TS  0|AC  0|TAMS 0x000000065ba00000, 0x000000065ba00000|
| 262|0x000000065ba00000, 0x000000065bb00000, 0x000000065bb00000|100%| O|  |TS  0|AC  0|TAMS 0x000000065bb00000, 0x000000065bb00000|
| 263|0x000000065bb00000, 0x000000065bc00000, 0x000000065bc00000|100%| O|  |TS  0|AC  0|TAMS 0x000000065bc00000, 0x000000065bc00000|
| 264|0x000000065bc00000, 0x000000065bd00000, 0x000000065bd00000|100%| O|  |TS  0|AC  0|TAMS 0x000000065bd00000, 0x000000065bd00000|
| 265|0x000000065bd00000, 0x000000065be00000, 0x000000065be00000|100%| O|  |TS  0|AC  0|TAMS 0x000000065be00000, 0x000000065be00000|
| 266|0x000000065be00000, 0x000000065bf00000, 0x000000065bf00000|100%| O|  |TS  0|AC  0|TAMS 0x000000065bf00000, 0x000000065bf00000|
| 267|0x000000065bf00000, 0x000000065c000000, 0x000000065c000000|100%| O|  |TS  0|AC  0|TAMS 0x000000065c000000, 0x000000065c000000|
| 268|0x000000065c000000, 0x000000065c100000, 0x000000065c100000|100%| O|  |TS  0|AC  0|TAMS 0x000000065c100000, 0x000000065c100000|
| 269|0x000000065c100000, 0x000000065c200000, 0x000000065c200000|100%| O|  |TS  0|AC  0|TAMS 0x000000065c200000, 0x000000065c200000|
| 270|0x000000065c200000, 0x000000065c300000, 0x000000065c300000|100%| O|  |TS  0|AC  0|TAMS 0x000000065c300000, 0x000000065c300000|
| 271|0x000000065c300000, 0x000000065c400000, 0x000000065c400000|100%| O|  |TS  0|AC  0|TAMS 0x000000065c400000, 0x000000065c400000|
| 272|0x000000065c400000, 0x000000065c500000, 0x000000065c500000|100%| O|  |TS  0|AC  0|TAMS 0x000000065c500000, 0x000000065c500000|
| 273|0x000000065c500000, 0x000000065c600000, 0x000000065c600000|100%| O|  |TS  0|AC  0|TAMS 0x000000065c600000, 0x000000065c600000|
| 274|0x000000065c600000, 0x000000065c700000, 0x000000065c700000|100%| O|  |TS  0|AC  0|TAMS 0x000000065c700000, 0x000000065c700000|
| 275|0x000000065c700000, 0x000000065c800000, 0x000000065c800000|100%| O|  |TS  0|AC  0|TAMS 0x000000065c800000, 0x000000065c800000|
| 276|0x000000065c800000, 0x000000065c900000, 0x000000065c900000|100%| O|  |TS  0|AC  0|TAMS 0x000000065c900000, 0x000000065c900000|
| 277|0x000000065c900000, 0x000000065ca00000, 0x000000065ca00000|100%| O|  |TS  0|AC  0|TAMS 0x000000065ca00000, 0x000000065ca00000|
| 278|0x000000065ca00000, 0x000000065cb00000, 0x000000065cb00000|100%| O|  |TS  0|AC  0|TAMS 0x000000065cb00000, 0x000000065cb00000|
| 279|0x000000065cb00000, 0x000000065cc00000, 0x000000065cc00000|100%| O|  |TS  0|AC  0|TAMS 0x000000065cc00000, 0x000000065cc00000|
| 280|0x000000065cc00000, 0x000000065cd00000, 0x000000065cd00000|100%| O|  |TS  0|AC  0|TAMS 0x000000065cd00000, 0x000000065cd00000|
| 281|0x000000065cd00000, 0x000000065ce00000, 0x000000065ce00000|100%| O|  |TS  0|AC  0|TAMS 0x000000065ce00000, 0x000000065ce00000|
| 282|0x000000065ce00000, 0x000000065cf00000, 0x000000065cf00000|100%| O|  |TS  0|AC  0|TAMS 0x000000065cf00000, 0x000000065cf00000|
| 283|0x000000065cf00000, 0x000000065d000000, 0x000000065d000000|100%| O|  |TS  0|AC  0|TAMS 0x000000065d000000, 0x000000065d000000|
| 284|0x000000065d000000, 0x000000065d100000, 0x000000065d100000|100%| O|  |TS  0|AC  0|TAMS 0x000000065d100000, 0x000000065d100000|
| 285|0x000000065d100000, 0x000000065d200000, 0x000000065d200000|100%| O|  |TS  0|AC  0|TAMS 0x000000065d200000, 0x000000065d200000|
| 286|0x000000065d200000, 0x000000065d300000, 0x000000065d300000|100%| O|  |TS  0|AC  0|TAMS 0x000000065d300000, 0x000000065d300000|
| 287|0x000000065d300000, 0x000000065d400000, 0x000000065d400000|100%| O|  |TS  0|AC  0|TAMS 0x000000065d400000, 0x000000065d400000|
| 288|0x000000065d400000, 0x000000065d500000, 0x000000065d500000|100%| O|  |TS  0|AC  0|TAMS 0x000000065d500000, 0x000000065d500000|
| 289|0x000000065d500000, 0x000000065d600000, 0x000000065d600000|100%| O|  |TS  0|AC  0|TAMS 0x000000065d600000, 0x000000065d600000|
| 290|0x000000065d600000, 0x000000065d700000, 0x000000065d700000|100%| O|  |TS  0|AC  0|TAMS 0x000000065d700000, 0x000000065d700000|
| 291|0x000000065d700000, 0x000000065d800000, 0x000000065d800000|100%| O|  |TS  0|AC  0|TAMS 0x000000065d800000, 0x000000065d800000|
| 292|0x000000065d800000, 0x000000065d900000, 0x000000065d900000|100%| O|  |TS  0|AC  0|TAMS 0x000000065d900000, 0x000000065d900000|
| 293|0x000000065d900000, 0x000000065da00000, 0x000000065da00000|100%| O|  |TS  0|AC  0|TAMS 0x000000065da00000, 0x000000065da00000|
| 294|0x000000065da00000, 0x000000065db00000, 0x000000065db00000|100%| O|  |TS  0|AC  0|TAMS 0x000000065db00000, 0x000000065db00000|
| 295|0x000000065db00000, 0x000000065dc00000, 0x000000065dc00000|100%| O|  |TS  0|AC  0|TAMS 0x000000065dc00000, 0x000000065dc00000|
| 296|0x000000065dc00000, 0x000000065dd00000, 0x000000065dd00000|100%| O|  |TS  0|AC  0|TAMS 0x000000065dd00000, 0x000000065dd00000|
| 297|0x000000065dd00000, 0x000000065de00000, 0x000000065de00000|100%| O|  |TS  0|AC  0|TAMS 0x000000065de00000, 0x000000065de00000|
| 298|0x000000065de00000, 0x000000065df00000, 0x000000065df00000|100%| O|  |TS  0|AC  0|TAMS 0x000000065df00000, 0x000000065df00000|
| 299|0x000000065df00000, 0x000000065e000000, 0x000000065e000000|100%| O|  |TS  0|AC  0|TAMS 0x000000065e000000, 0x000000065e000000|
| 300|0x000000065e000000, 0x000000065e100000, 0x000000065e100000|100%| O|  |TS  0|AC  0|TAMS 0x000000065e100000, 0x000000065e100000|
| 301|0x000000065e100000, 0x000000065e200000, 0x000000065e200000|100%| O|  |TS  0|AC  0|TAMS 0x000000065e200000, 0x000000065e200000|
| 302|0x000000065e200000, 0x000000065e300000, 0x000000065e300000|100%| O|  |TS  0|AC  0|TAMS 0x000000065e300000, 0x000000065e300000|
| 303|0x000000065e300000, 0x000000065e400000, 0x000000065e400000|100%| O|  |TS  0|AC  0|TAMS 0x000000065e400000, 0x000000065e400000|
| 304|0x000000065e400000, 0x000000065e500000, 0x000000065e500000|100%| O|  |TS  0|AC  0|TAMS 0x000000065e500000, 0x000000065e500000|
| 305|0x000000065e500000, 0x000000065e600000, 0x000000065e600000|100%| O|  |TS  0|AC  0|TAMS 0x000000065e600000, 0x000000065e600000|
| 306|0x000000065e600000, 0x000000065e700000, 0x000000065e700000|100%| O|  |TS  0|AC  0|TAMS 0x000000065e700000, 0x000000065e700000|
| 307|0x000000065e700000, 0x000000065e800000, 0x000000065e800000|100%| O|  |TS  0|AC  0|TAMS 0x000000065e800000, 0x000000065e800000|
| 308|0x000000065e800000, 0x000000065e900000, 0x000000065e900000|100%| O|  |TS  0|AC  0|TAMS 0x000000065e900000, 0x000000065e900000|
| 309|0x000000065e900000, 0x000000065ea00000, 0x000000065ea00000|100%| O|  |TS  0|AC  0|TAMS 0x000000065ea00000, 0x000000065ea00000|
| 310|0x000000065ea00000, 0x000000065eb00000, 0x000000065eb00000|100%| O|  |TS  0|AC  0|TAMS 0x000000065eb00000, 0x000000065eb00000|
| 311|0x000000065eb00000, 0x000000065ec00000, 0x000000065ec00000|100%| O|  |TS  0|AC  0|TAMS 0x000000065ec00000, 0x000000065ec00000|
| 312|0x000000065ec00000, 0x000000065ed00000, 0x000000065ed00000|100%| O|  |TS  0|AC  0|TAMS 0x000000065ed00000, 0x000000065ed00000|
| 313|0x000000065ed00000, 0x000000065ee00000, 0x000000065ee00000|100%| O|  |TS  0|AC  0|TAMS 0x000000065ee00000, 0x000000065ee00000|
| 314|0x000000065ee00000, 0x000000065ef00000, 0x000000065ef00000|100%| O|  |TS  0|AC  0|TAMS 0x000000065ef00000, 0x000000065ef00000|
| 315|0x000000065ef00000, 0x000000065f000000, 0x000000065f000000|100%| O|  |TS  0|AC  0|TAMS 0x000000065f000000, 0x000000065f000000|
| 316|0x000000065f000000, 0x000000065f100000, 0x000000065f100000|100%| O|  |TS  0|AC  0|TAMS 0x000000065f100000, 0x000000065f100000|
| 317|0x000000065f100000, 0x000000065f200000, 0x000000065f200000|100%| O|  |TS  0|AC  0|TAMS 0x000000065f200000, 0x000000065f200000|
| 318|0x000000065f200000, 0x000000065f300000, 0x000000065f300000|100%| O|  |TS  0|AC  0|TAMS 0x000000065f300000, 0x000000065f300000|
| 319|0x000000065f300000, 0x000000065f400000, 0x000000065f400000|100%| O|  |TS  0|AC  0|TAMS 0x000000065f400000, 0x000000065f400000|
| 320|0x000000065f400000, 0x000000065f500000, 0x000000065f500000|100%| O|  |TS  0|AC  0|TAMS 0x000000065f500000, 0x000000065f500000|
| 321|0x000000065f500000, 0x000000065f600000, 0x000000065f600000|100%| O|  |TS  0|AC  0|TAMS 0x000000065f600000, 0x000000065f600000|
| 322|0x000000065f600000, 0x000000065f700000, 0x000000065f700000|100%| O|  |TS  0|AC  0|TAMS 0x000000065f700000, 0x000000065f700000|
| 323|0x000000065f700000, 0x000000065f800000, 0x000000065f800000|100%| O|  |TS  0|AC  0|TAMS 0x000000065f800000, 0x000000065f800000|
| 324|0x000000065f800000, 0x000000065f900000, 0x000000065f900000|100%| O|  |TS  0|AC  0|TAMS 0x000000065f900000, 0x000000065f900000|
| 325|0x000000065f900000, 0x000000065fa00000, 0x000000065fa00000|100%| O|  |TS  0|AC  0|TAMS 0x000000065fa00000, 0x000000065fa00000|
| 326|0x000000065fa00000, 0x000000065fb00000, 0x000000065fb00000|100%| O|  |TS  0|AC  0|TAMS 0x000000065fb00000, 0x000000065fb00000|
| 327|0x000000065fb00000, 0x000000065fc00000, 0x000000065fc00000|100%| O|  |TS  0|AC  0|TAMS 0x000000065fc00000, 0x000000065fc00000|
| 328|0x000000065fc00000, 0x000000065fd00000, 0x000000065fd00000|100%| O|  |TS  0|AC  0|TAMS 0x000000065fd00000, 0x000000065fd00000|
| 329|0x000000065fd00000, 0x000000065fe00000, 0x000000065fe00000|100%| O|  |TS  0|AC  0|TAMS 0x000000065fe00000, 0x000000065fe00000|
| 330|0x000000065fe00000, 0x000000065ff00000, 0x000000065ff00000|100%| O|  |TS  0|AC  0|TAMS 0x000000065ff00000, 0x000000065ff00000|
| 331|0x000000065ff00000, 0x0000000660000000, 0x0000000660000000|100%| O|  |TS  0|AC  0|TAMS 0x0000000660000000, 0x0000000660000000|
| 332|0x0000000660000000, 0x0000000660100000, 0x0000000660100000|100%| O|  |TS  0|AC  0|TAMS 0x0000000660100000, 0x0000000660100000|
| 333|0x0000000660100000, 0x0000000660200000, 0x0000000660200000|100%| O|  |TS  0|AC  0|TAMS 0x0000000660200000, 0x0000000660200000|
| 334|0x0000000660200000, 0x0000000660300000, 0x0000000660300000|100%| O|  |TS  0|AC  0|TAMS 0x0000000660300000, 0x0000000660300000|
| 335|0x0000000660300000, 0x0000000660400000, 0x0000000660400000|100%| O|  |TS  0|AC  0|TAMS 0x0000000660400000, 0x0000000660400000|
| 336|0x0000000660400000, 0x0000000660500000, 0x0000000660500000|100%| O|  |TS  0|AC  0|TAMS 0x0000000660500000, 0x0000000660500000|
| 337|0x0000000660500000, 0x0000000660600000, 0x0000000660600000|100%| O|  |TS  0|AC  0|TAMS 0x0000000660600000, 0x0000000660600000|
| 338|0x0000000660600000, 0x0000000660700000, 0x0000000660700000|100%| O|  |TS  0|AC  0|TAMS 0x0000000660700000, 0x0000000660700000|
| 339|0x0000000660700000, 0x0000000660800000, 0x0000000660800000|100%| O|  |TS  0|AC  0|TAMS 0x0000000660800000, 0x0000000660800000|
| 340|0x0000000660800000, 0x0000000660900000, 0x0000000660900000|100%| O|  |TS  0|AC  0|TAMS 0x0000000660900000, 0x0000000660900000|
| 341|0x0000000660900000, 0x0000000660a00000, 0x0000000660a00000|100%| O|  |TS  0|AC  0|TAMS 0x0000000660a00000, 0x0000000660a00000|
| 342|0x0000000660a00000, 0x0000000660b00000, 0x0000000660b00000|100%| O|  |TS  0|AC  0|TAMS 0x0000000660b00000, 0x0000000660b00000|
| 343|0x0000000660b00000, 0x0000000660c00000, 0x0000000660c00000|100%| O|  |TS  0|AC  0|TAMS 0x0000000660c00000, 0x0000000660c00000|
| 344|0x0000000660c00000, 0x0000000660d00000, 0x0000000660d00000|100%| O|  |TS  0|AC  0|TAMS 0x0000000660d00000, 0x0000000660d00000|
| 345|0x0000000660d00000, 0x0000000660e00000, 0x0000000660e00000|100%| O|  |TS  0|AC  0|TAMS 0x0000000660e00000, 0x0000000660e00000|
| 346|0x0000000660e00000, 0x0000000660f00000, 0x0000000660f00000|100%| O|  |TS  0|AC  0|TAMS 0x0000000660f00000, 0x0000000660f00000|
| 347|0x0000000660f00000, 0x0000000661000000, 0x0000000661000000|100%| O|  |TS  0|AC  0|TAMS 0x0000000661000000, 0x0000000661000000|
| 348|0x0000000661000000, 0x0000000661100000, 0x0000000661100000|100%| O|  |TS  0|AC  0|TAMS 0x0000000661100000, 0x0000000661100000|
| 349|0x0000000661100000, 0x0000000661200000, 0x0000000661200000|100%| O|  |TS  0|AC  0|TAMS 0x0000000661200000, 0x0000000661200000|
| 350|0x0000000661200000, 0x0000000661300000, 0x0000000661300000|100%| O|  |TS  0|AC  0|TAMS 0x0000000661300000, 0x0000000661300000|
| 351|0x0000000661300000, 0x0000000661400000, 0x0000000661400000|100%| O|  |TS  0|AC  0|TAMS 0x0000000661400000, 0x0000000661400000|
| 352|0x0000000661400000, 0x0000000661500000, 0x0000000661500000|100%| O|  |TS  0|AC  0|TAMS 0x0000000661500000, 0x0000000661500000|
| 353|0x0000000661500000, 0x0000000661600000, 0x0000000661600000|100%| O|  |TS  0|AC  0|TAMS 0x0000000661600000, 0x0000000661600000|
| 354|0x0000000661600000, 0x0000000661700000, 0x0000000661700000|100%| O|  |TS  0|AC  0|TAMS 0x0000000661700000, 0x0000000661700000|
| 355|0x0000000661700000, 0x0000000661800000, 0x0000000661800000|100%| O|  |TS  0|AC  0|TAMS 0x0000000661800000, 0x0000000661800000|
| 356|0x0000000661800000, 0x0000000661900000, 0x0000000661900000|100%| O|  |TS  0|AC  0|TAMS 0x0000000661900000, 0x0000000661900000|
| 357|0x0000000661900000, 0x0000000661a00000, 0x0000000661a00000|100%| O|  |TS  0|AC  0|TAMS 0x0000000661a00000, 0x0000000661a00000|
| 358|0x0000000661a00000, 0x0000000661b00000, 0x0000000661b00000|100%| O|  |TS  0|AC  0|TAMS 0x0000000661b00000, 0x0000000661b00000|
| 359|0x0000000661b00000, 0x0000000661c00000, 0x0000000661c00000|100%| O|  |TS  0|AC  0|TAMS 0x0000000661c00000, 0x0000000661c00000|
| 360|0x0000000661c00000, 0x0000000661d00000, 0x0000000661d00000|100%| O|  |TS  0|AC  0|TAMS 0x0000000661d00000, 0x0000000661d00000|
| 361|0x0000000661d00000, 0x0000000661e00000, 0x0000000661e00000|100%| O|  |TS  0|AC  0|TAMS 0x0000000661e00000, 0x0000000661e00000|
| 362|0x0000000661e00000, 0x0000000661f00000, 0x0000000661f00000|100%| O|  |TS  0|AC  0|TAMS 0x0000000661f00000, 0x0000000661f00000|
| 363|0x0000000661f00000, 0x0000000662000000, 0x0000000662000000|100%| O|  |TS  0|AC  0|TAMS 0x0000000662000000, 0x0000000662000000|
| 364|0x0000000662000000, 0x0000000662100000, 0x0000000662100000|100%| O|  |TS  0|AC  0|TAMS 0x0000000662100000, 0x0000000662100000|
| 365|0x0000000662100000, 0x0000000662200000, 0x0000000662200000|100%| O|  |TS  0|AC  0|TAMS 0x0000000662200000, 0x0000000662200000|
| 366|0x0000000662200000, 0x0000000662300000, 0x0000000662300000|100%| O|  |TS  0|AC  0|TAMS 0x0000000662300000, 0x0000000662300000|
| 367|0x0000000662300000, 0x0000000662400000, 0x0000000662400000|100%| O|  |TS  0|AC  0|TAMS 0x0000000662400000, 0x0000000662400000|
| 368|0x0000000662400000, 0x0000000662500000, 0x0000000662500000|100%| O|  |TS  0|AC  0|TAMS 0x0000000662500000, 0x0000000662500000|
| 369|0x0000000662500000, 0x0000000662600000, 0x0000000662600000|100%| O|  |TS  0|AC  0|TAMS 0x0000000662600000, 0x0000000662600000|
| 370|0x0000000662600000, 0x0000000662700000, 0x0000000662700000|100%| O|  |TS  0|AC  0|TAMS 0x0000000662700000, 0x0000000662700000|
| 371|0x0000000662700000, 0x0000000662800000, 0x0000000662800000|100%| O|  |TS  0|AC  0|TAMS 0x0000000662800000, 0x0000000662800000|
| 372|0x0000000662800000, 0x0000000662900000, 0x0000000662900000|100%| O|  |TS  0|AC  0|TAMS 0x0000000662900000, 0x0000000662900000|
| 373|0x0000000662900000, 0x0000000662a00000, 0x0000000662a00000|100%| O|  |TS  0|AC  0|TAMS 0x0000000662a00000, 0x0000000662a00000|
| 374|0x0000000662a00000, 0x0000000662b00000, 0x0000000662b00000|100%| O|  |TS  0|AC  0|TAMS 0x0000000662b00000, 0x0000000662b00000|
| 375|0x0000000662b00000, 0x0000000662c00000, 0x0000000662c00000|100%| O|  |TS  0|AC  0|TAMS 0x0000000662c00000, 0x0000000662c00000|
| 376|0x0000000662c00000, 0x0000000662d00000, 0x0000000662d00000|100%| O|  |TS  0|AC  0|TAMS 0x0000000662d00000, 0x0000000662d00000|
| 377|0x0000000662d00000, 0x0000000662e00000, 0x0000000662e00000|100%| O|  |TS  0|AC  0|TAMS 0x0000000662e00000, 0x0000000662e00000|
| 378|0x0000000662e00000, 0x0000000662f00000, 0x0000000662f00000|100%| O|  |TS  0|AC  0|TAMS 0x0000000662f00000, 0x0000000662f00000|
| 379|0x0000000662f00000, 0x0000000663000000, 0x0000000663000000|100%| O|  |TS  0|AC  0|TAMS 0x0000000663000000, 0x0000000663000000|
| 380|0x0000000663000000, 0x0000000663100000, 0x0000000663100000|100%| O|  |TS  0|AC  0|TAMS 0x0000000663100000, 0x0000000663100000|
| 381|0x0000000663100000, 0x0000000663200000, 0x0000000663200000|100%| O|  |TS  0|AC  0|TAMS 0x0000000663200000, 0x0000000663200000|
| 382|0x0000000663200000, 0x0000000663300000, 0x0000000663300000|100%| O|  |TS  0|AC  0|TAMS 0x0000000663300000, 0x0000000663300000|
| 383|0x0000000663300000, 0x0000000663400000, 0x0000000663400000|100%| O|  |TS  0|AC  0|TAMS 0x0000000663400000, 0x0000000663400000|
| 384|0x0000000663400000, 0x0000000663500000, 0x0000000663500000|100%| O|  |TS  0|AC  0|TAMS 0x0000000663500000, 0x0000000663500000|
| 385|0x0000000663500000, 0x0000000663600000, 0x0000000663600000|100%| O|  |TS  0|AC  0|TAMS 0x0000000663600000, 0x0000000663600000|
| 386|0x0000000663600000, 0x0000000663700000, 0x0000000663700000|100%| O|  |TS  0|AC  0|TAMS 0x0000000663700000, 0x0000000663700000|
| 387|0x0000000663700000, 0x0000000663800000, 0x0000000663800000|100%| O|  |TS  0|AC  0|TAMS 0x0000000663800000, 0x0000000663800000|
| 388|0x0000000663800000, 0x0000000663900000, 0x0000000663900000|100%| O|  |TS  0|AC  0|TAMS 0x0000000663900000, 0x0000000663900000|
| 389|0x0000000663900000, 0x0000000663a00000, 0x0000000663a00000|100%| O|  |TS  0|AC  0|TAMS 0x0000000663a00000, 0x0000000663a00000|
| 390|0x0000000663a00000, 0x0000000663b00000, 0x0000000663b00000|100%| O|  |TS  0|AC  0|TAMS 0x0000000663b00000, 0x0000000663b00000|
| 391|0x0000000663b00000, 0x0000000663c00000, 0x0000000663c00000|100%| O|  |TS  0|AC  0|TAMS 0x0000000663c00000, 0x0000000663c00000|
| 392|0x0000000663c00000, 0x0000000663d00000, 0x0000000663d00000|100%| O|  |TS  0|AC  0|TAMS 0x0000000663d00000, 0x0000000663d00000|
| 393|0x0000000663d00000, 0x0000000663e00000, 0x0000000663e00000|100%| O|  |TS  0|AC  0|TAMS 0x0000000663e00000, 0x0000000663e00000|
| 394|0x0000000663e00000, 0x0000000663f00000, 0x0000000663f00000|100%| O|  |TS  0|AC  0|TAMS 0x0000000663f00000, 0x0000000663f00000|
| 395|0x0000000663f00000, 0x0000000664000000, 0x0000000664000000|100%| O|  |TS  0|AC  0|TAMS 0x0000000664000000, 0x0000000664000000|
| 396|0x0000000664000000, 0x0000000664100000, 0x0000000664100000|100%| O|  |TS  0|AC  0|TAMS 0x0000000664100000, 0x0000000664100000|
| 397|0x0000000664100000, 0x0000000664200000, 0x0000000664200000|100%| O|  |TS  0|AC  0|TAMS 0x0000000664200000, 0x0000000664200000|
| 398|0x0000000664200000, 0x0000000664300000, 0x0000000664300000|100%| O|  |TS  0|AC  0|TAMS 0x0000000664300000, 0x0000000664300000|
| 399|0x0000000664300000, 0x0000000664400000, 0x0000000664400000|100%| O|  |TS  0|AC  0|TAMS 0x0000000664400000, 0x0000000664400000|
| 400|0x0000000664400000, 0x0000000664500000, 0x0000000664500000|100%| O|  |TS  0|AC  0|TAMS 0x0000000664500000, 0x0000000664500000|
| 401|0x0000000664500000, 0x0000000664600000, 0x0000000664600000|100%| O|  |TS  0|AC  0|TAMS 0x0000000664600000, 0x0000000664600000|
| 402|0x0000000664600000, 0x0000000664700000, 0x0000000664700000|100%| O|  |TS  0|AC  0|TAMS 0x0000000664700000, 0x0000000664700000|
| 403|0x0000000664700000, 0x0000000664800000, 0x0000000664800000|100%| O|  |TS  0|AC  0|TAMS 0x0000000664800000, 0x0000000664800000|
| 404|0x0000000664800000, 0x0000000664900000, 0x0000000664900000|100%| O|  |TS  0|AC  0|TAMS 0x0000000664900000, 0x0000000664900000|
| 405|0x0000000664900000, 0x0000000664a00000, 0x0000000664a00000|100%| O|  |TS  0|AC  0|TAMS 0x0000000664a00000, 0x0000000664a00000|
| 406|0x0000000664a00000, 0x0000000664b00000, 0x0000000664b00000|100%| O|  |TS  0|AC  0|TAMS 0x0000000664b00000, 0x0000000664b00000|
| 407|0x0000000664b00000, 0x0000000664c00000, 0x0000000664c00000|100%| O|  |TS  0|AC  0|TAMS 0x0000000664c00000, 0x0000000664c00000|
| 408|0x0000000664c00000, 0x0000000664d00000, 0x0000000664d00000|100%| O|  |TS  0|AC  0|TAMS 0x0000000664d00000, 0x0000000664d00000|
| 409|0x0000000664d00000, 0x0000000664e00000, 0x0000000664e00000|100%| O|  |TS  0|AC  0|TAMS 0x0000000664e00000, 0x0000000664e00000|
| 410|0x0000000664e00000, 0x0000000664f00000, 0x0000000664f00000|100%| O|  |TS  0|AC  0|TAMS 0x0000000664f00000, 0x0000000664f00000|
| 411|0x0000000664f00000, 0x0000000665000000, 0x0000000665000000|100%| O|  |TS  0|AC  0|TAMS 0x0000000665000000, 0x0000000665000000|
| 412|0x0000000665000000, 0x0000000665100000, 0x0000000665100000|100%| O|  |TS  0|AC  0|TAMS 0x0000000665100000, 0x0000000665100000|
| 413|0x0000000665100000, 0x0000000665200000, 0x0000000665200000|100%| O|  |TS  0|AC  0|TAMS 0x0000000665200000, 0x0000000665200000|
| 414|0x0000000665200000, 0x0000000665300000, 0x0000000665300000|100%| O|  |TS  0|AC  0|TAMS 0x0000000665300000, 0x0000000665300000|
| 415|0x0000000665300000, 0x0000000665400000, 0x0000000665400000|100%| O|  |TS  0|AC  0|TAMS 0x0000000665400000, 0x0000000665400000|
| 416|0x0000000665400000, 0x0000000665500000, 0x0000000665500000|100%| O|  |TS  0|AC  0|TAMS 0x0000000665500000, 0x0000000665500000|
| 417|0x0000000665500000, 0x0000000665600000, 0x0000000665600000|100%| O|  |TS  0|AC  0|TAMS 0x0000000665598200, 0x0000000665598200|
| 418|0x0000000665600000, 0x0000000665700000, 0x0000000665700000|100%| O|  |TS  0|AC  0|TAMS 0x0000000665600000, 0x0000000665600000|
| 419|0x0000000665700000, 0x0000000665800000, 0x0000000665800000|100%| O|  |TS  0|AC  0|TAMS 0x0000000665700000, 0x0000000665700000|
| 420|0x0000000665800000, 0x0000000665900000, 0x0000000665900000|100%| O|  |TS  0|AC  0|TAMS 0x0000000665800000, 0x0000000665800000|
| 421|0x0000000665900000, 0x0000000665a00000, 0x0000000665a00000|100%| O|  |TS  0|AC  0|TAMS 0x0000000665900000, 0x0000000665900000|
| 422|0x0000000665a00000, 0x0000000665b00000, 0x0000000665b00000|100%| O|  |TS  0|AC  0|TAMS 0x0000000665a00000, 0x0000000665a00000|
| 423|0x0000000665b00000, 0x0000000665c00000, 0x0000000665c00000|100%| O|  |TS  0|AC  0|TAMS 0x0000000665b00000, 0x0000000665b00000|
| 424|0x0000000665c00000, 0x0000000665d00000, 0x0000000665d00000|100%| O|  |TS  0|AC  0|TAMS 0x0000000665c00000, 0x0000000665c00000|
| 425|0x0000000665d00000, 0x0000000665e00000, 0x0000000665e00000|100%| O|  |TS  0|AC  0|TAMS 0x0000000665d00000, 0x0000000665d00000|
| 426|0x0000000665e00000, 0x0000000665f00000, 0x0000000665f00000|100%| O|  |TS  0|AC  0|TAMS 0x0000000665e00000, 0x0000000665e00000|
| 427|0x0000000665f00000, 0x0000000666000000, 0x0000000666000000|100%| O|  |TS  0|AC  0|TAMS 0x0000000665f00000, 0x0000000665f00000|
| 428|0x0000000666000000, 0x0000000666100000, 0x0000000666100000|100%| O|  |TS  0|AC  0|TAMS 0x0000000666000000, 0x0000000666000000|
| 429|0x0000000666100000, 0x0000000666200000, 0x0000000666200000|100%| O|  |TS  0|AC  0|TAMS 0x0000000666100000, 0x0000000666100000|
| 430|0x0000000666200000, 0x0000000666300000, 0x0000000666300000|100%| O|  |TS  0|AC  0|TAMS 0x0000000666200000, 0x0000000666200000|
| 431|0x0000000666300000, 0x0000000666400000, 0x0000000666400000|100%| O|  |TS  0|AC  0|TAMS 0x0000000666300000, 0x0000000666300000|
| 432|0x0000000666400000, 0x0000000666500000, 0x0000000666500000|100%| O|  |TS  0|AC  0|TAMS 0x0000000666400000, 0x0000000666400000|
| 433|0x0000000666500000, 0x0000000666600000, 0x0000000666600000|100%| O|  |TS  0|AC  0|TAMS 0x0000000666500000, 0x0000000666500000|
| 434|0x0000000666600000, 0x0000000666700000, 0x0000000666700000|100%| O|  |TS  0|AC  0|TAMS 0x0000000666600000, 0x0000000666600000|
| 435|0x0000000666700000, 0x0000000666800000, 0x0000000666800000|100%| O|  |TS  0|AC  0|TAMS 0x0000000666700000, 0x0000000666700000|
| 436|0x0000000666800000, 0x0000000666900000, 0x0000000666900000|100%| O|  |TS  0|AC  0|TAMS 0x0000000666800000, 0x0000000666800000|
| 437|0x0000000666900000, 0x0000000666a00000, 0x0000000666a00000|100%| O|  |TS  0|AC  0|TAMS 0x0000000666900000, 0x0000000666900000|
| 438|0x0000000666a00000, 0x0000000666b00000, 0x0000000666b00000|100%| O|  |TS  0|AC  0|TAMS 0x0000000666a00000, 0x0000000666a00000|
| 439|0x0000000666b00000, 0x0000000666c00000, 0x0000000666c00000|100%| O|  |TS  0|AC  0|TAMS 0x0000000666b00000, 0x0000000666b00000|
| 440|0x0000000666c00000, 0x0000000666d00000, 0x0000000666d00000|100%| O|  |TS  0|AC  0|TAMS 0x0000000666c00000, 0x0000000666c00000|
| 441|0x0000000666d00000, 0x0000000666e00000, 0x0000000666e00000|100%| O|  |TS  0|AC  0|TAMS 0x0000000666d00000, 0x0000000666d00000|
| 442|0x0000000666e00000, 0x0000000666f00000, 0x0000000666f00000|100%| O|  |TS  0|AC  0|TAMS 0x0000000666e00000, 0x0000000666e00000|
| 443|0x0000000666f00000, 0x0000000667000000, 0x0000000667000000|100%| O|  |TS  0|AC  0|TAMS 0x0000000666f00000, 0x0000000666f00000|
| 444|0x0000000667000000, 0x0000000667100000, 0x0000000667100000|100%| O|  |TS  0|AC  0|TAMS 0x0000000667000000, 0x0000000667000000|
| 445|0x0000000667100000, 0x0000000667200000, 0x0000000667200000|100%| O|  |TS  0|AC  0|TAMS 0x0000000667100000, 0x0000000667100000|
| 446|0x0000000667200000, 0x0000000667300000, 0x0000000667300000|100%| O|  |TS  0|AC  0|TAMS 0x0000000667200000, 0x0000000667200000|
| 447|0x0000000667300000, 0x0000000667400000, 0x0000000667400000|100%| O|  |TS  0|AC  0|TAMS 0x0000000667300000, 0x0000000667300000|
| 448|0x0000000667400000, 0x0000000667500000, 0x0000000667500000|100%| O|  |TS  0|AC  0|TAMS 0x0000000667400000, 0x0000000667400000|
| 449|0x0000000667500000, 0x0000000667600000, 0x0000000667600000|100%| O|  |TS  0|AC  0|TAMS 0x0000000667500000, 0x0000000667500000|
| 450|0x0000000667600000, 0x0000000667700000, 0x0000000667700000|100%| O|  |TS  0|AC  0|TAMS 0x0000000667600000, 0x0000000667600000|
| 451